<?xml version="1.0" encoding="UTF-8"?>
<coverage generated="1746179381724" clover="3.2.0">
  <project timestamp="1746179381725" name="All files">
    <metrics statements="261" coveredstatements="81" conditionals="125" coveredconditionals="27" methods="78" coveredmethods="12" elements="464" coveredelements="120" complexity="0" loc="261" ncloc="261" packages="1" files="1" classes="1"/>
    <file name="main.js" path="C:\Users\ADMIN\OneDrive\Documents\AMALITECH\Lab-5\skilled-thermostat-debugger\main.js">
      <metrics statements="261" coveredstatements="81" conditionals="125" coveredconditionals="27" methods="78" coveredmethods="12"/>
      <line num="2" count="1" type="stmt"/>
      <line num="14" count="0" type="stmt"/>
      <line num="17" count="0" type="stmt"/>
      <line num="20" count="0" type="stmt"/>
      <line num="23" count="0" type="stmt"/>
      <line num="27" count="0" type="stmt"/>
      <line num="31" count="2" type="stmt"/>
      <line num="35" count="0" type="stmt"/>
      <line num="38" count="0" type="cond" truecount="0" falsecount="2"/>
      <line num="43" count="0" type="cond" truecount="0" falsecount="2"/>
      <line num="59" count="0" type="stmt"/>
      <line num="62" count="0" type="stmt"/>
      <line num="65" count="0" type="stmt"/>
      <line num="68" count="0" type="stmt"/>
      <line num="72" count="0" type="stmt"/>
      <line num="76" count="0" type="stmt"/>
      <line num="80" count="0" type="stmt"/>
      <line num="81" count="0" type="stmt"/>
      <line num="84" count="0" type="cond" truecount="0" falsecount="2"/>
      <line num="89" count="0" type="cond" truecount="0" falsecount="2"/>
      <line num="105" count="0" type="stmt"/>
      <line num="108" count="0" type="stmt"/>
      <line num="111" count="0" type="stmt"/>
      <line num="114" count="0" type="stmt"/>
      <line num="118" count="0" type="stmt"/>
      <line num="122" count="0" type="stmt"/>
      <line num="126" count="0" type="stmt"/>
      <line num="129" count="0" type="cond" truecount="0" falsecount="2"/>
      <line num="134" count="0" type="cond" truecount="0" falsecount="2"/>
      <line num="150" count="0" type="stmt"/>
      <line num="153" count="0" type="stmt"/>
      <line num="156" count="0" type="stmt"/>
      <line num="159" count="0" type="stmt"/>
      <line num="163" count="0" type="stmt"/>
      <line num="167" count="0" type="stmt"/>
      <line num="171" count="0" type="stmt"/>
      <line num="174" count="0" type="cond" truecount="0" falsecount="2"/>
      <line num="179" count="0" type="cond" truecount="0" falsecount="2"/>
      <line num="186" count="1" type="stmt"/>
      <line num="192" count="1" type="stmt"/>
      <line num="194" count="1" type="stmt"/>
      <line num="195" count="1" type="cond" truecount="1" falsecount="1"/>
      <line num="196" count="0" type="stmt"/>
      <line num="202" count="1" type="stmt"/>
      <line num="203" count="0" type="cond" truecount="0" falsecount="2"/>
      <line num="204" count="0" type="stmt"/>
      <line num="211" count="1" type="stmt"/>
      <line num="212" count="1" type="stmt"/>
      <line num="213" count="1" type="stmt"/>
      <line num="214" count="5" type="stmt"/>
      <line num="215" count="5" type="stmt"/>
      <line num="217" count="5" type="stmt"/>
      <line num="218" count="5" type="stmt"/>
      <line num="220" count="5" type="stmt"/>
      <line num="221" count="5" type="stmt"/>
      <line num="223" count="5" type="stmt"/>
      <line num="226" count="1" type="stmt"/>
      <line num="227" count="5" type="stmt"/>
      <line num="228" count="5" type="cond" truecount="1" falsecount="1"/>
      <line num="229" count="0" type="stmt"/>
      <line num="235" count="1" type="stmt"/>
      <line num="238" count="1" type="stmt"/>
      <line num="240" count="1" type="stmt"/>
      <line num="242" count="1" type="stmt"/>
      <line num="245" count="1" type="cond" truecount="1" falsecount="1"/>
      <line num="246" count="0" type="stmt"/>
      <line num="250" count="1" type="stmt"/>
      <line num="251" count="1" type="cond" truecount="1" falsecount="1"/>
      <line num="252" count="0" type="stmt"/>
      <line num="255" count="1" type="stmt"/>
      <line num="256" count="4" type="stmt"/>
      <line num="257" count="4" type="stmt"/>
      <line num="258" count="4" type="stmt"/>
      <line num="259" count="4" type="cond" truecount="1" falsecount="1"/>
      <line num="260" count="0" type="stmt"/>
      <line num="265" count="1" type="stmt"/>
      <line num="266" count="0" type="stmt"/>
      <line num="268" count="0" type="stmt"/>
      <line num="271" count="0" type="stmt"/>
      <line num="274" count="0" type="stmt"/>
      <line num="277" count="0" type="stmt"/>
      <line num="279" count="0" type="stmt"/>
      <line num="282" count="1" type="cond" truecount="1" falsecount="1"/>
      <line num="283" count="0" type="stmt"/>
      <line num="284" count="0" type="stmt"/>
      <line num="286" count="0" type="stmt"/>
      <line num="290" count="1" type="stmt"/>
      <line num="291" count="0" type="stmt"/>
      <line num="292" count="0" type="cond" truecount="0" falsecount="2"/>
      <line num="294" count="0" type="stmt"/>
      <line num="295" count="0" type="stmt"/>
      <line num="296" count="0" type="stmt"/>
      <line num="297" count="0" type="stmt"/>
      <line num="298" count="0" type="stmt"/>
      <line num="299" count="0" type="cond" truecount="0" falsecount="2"/>
      <line num="301" count="0" type="stmt"/>
      <line num="302" count="0" type="stmt"/>
      <line num="303" count="0" type="stmt"/>
      <line num="304" count="0" type="stmt"/>
      <line num="306" count="0" type="stmt"/>
      <line num="307" count="0" type="stmt"/>
      <line num="311" count="1" type="stmt"/>
      <line num="312" count="1" type="cond" truecount="1" falsecount="1"/>
      <line num="313" count="0" type="stmt"/>
      <line num="316" count="1" type="stmt"/>
      <line num="317" count="3" type="stmt"/>
      <line num="321" count="3" type="cond" truecount="1" falsecount="1"/>
      <line num="323" count="0" type="stmt"/>
      <line num="326" count="3" type="stmt"/>
      <line num="327" count="3" type="cond" truecount="1" falsecount="1"/>
      <line num="328" count="0" type="stmt"/>
      <line num="329" count="0" type="stmt"/>
      <line num="330" count="0" type="stmt"/>
      <line num="331" count="0" type="stmt"/>
      <line num="336" count="1" type="cond" truecount="1" falsecount="1"/>
      <line num="337" count="0" type="stmt"/>
      <line num="342" count="1" type="stmt"/>
      <line num="343" count="2" type="stmt"/>
      <line num="346" count="2" type="cond" truecount="1" falsecount="1"/>
      <line num="348" count="2" type="stmt"/>
      <line num="350" count="2" type="stmt"/>
      <line num="351" count="2" type="cond" truecount="1" falsecount="1"/>
      <line num="352" count="0" type="stmt"/>
      <line num="353" count="0" type="stmt"/>
      <line num="354" count="0" type="stmt"/>
      <line num="355" count="0" type="stmt"/>
      <line num="360" count="1" type="cond" truecount="1" falsecount="1"/>
      <line num="361" count="0" type="stmt"/>
      <line num="366" count="1" type="stmt"/>
      <line num="368" count="1" type="stmt"/>
      <line num="369" count="0" type="cond" truecount="0" falsecount="2"/>
      <line num="370" count="0" type="stmt"/>
      <line num="371" count="0" type="stmt"/>
      <line num="372" count="0" type="stmt"/>
      <line num="374" count="0" type="cond" truecount="0" falsecount="4"/>
      <line num="376" count="0" type="cond" truecount="0" falsecount="4"/>
      <line num="377" count="0" type="stmt"/>
      <line num="378" count="0" type="stmt"/>
      <line num="379" count="0" type="stmt"/>
      <line num="382" count="0" type="cond" truecount="0" falsecount="4"/>
      <line num="383" count="0" type="stmt"/>
      <line num="384" count="0" type="stmt"/>
      <line num="385" count="0" type="stmt"/>
      <line num="389" count="0" type="stmt"/>
      <line num="391" count="0" type="stmt"/>
      <line num="392" count="0" type="stmt"/>
      <line num="394" count="0" type="stmt"/>
      <line num="395" count="0" type="stmt"/>
      <line num="396" count="0" type="stmt"/>
      <line num="401" count="1" type="cond" truecount="1" falsecount="1"/>
      <line num="402" count="0" type="stmt"/>
      <line num="407" count="1" type="stmt"/>
      <line num="408" count="0" type="cond" truecount="0" falsecount="2"/>
      <line num="409" count="0" type="stmt"/>
      <line num="413" count="1" type="cond" truecount="1" falsecount="1"/>
      <line num="414" count="0" type="stmt"/>
      <line num="418" count="1" type="cond" truecount="1" falsecount="1"/>
      <line num="419" count="0" type="stmt"/>
      <line num="420" count="0" type="stmt"/>
      <line num="421" count="0" type="stmt"/>
      <line num="422" count="0" type="stmt"/>
      <line num="424" count="0" type="stmt"/>
      <line num="425" count="0" type="stmt"/>
      <line num="427" count="0" type="stmt"/>
      <line num="428" count="0" type="stmt"/>
      <line num="433" count="1" type="stmt"/>
      <line num="434" count="2" type="stmt"/>
      <line num="435" count="2" type="stmt"/>
      <line num="437" count="2" type="stmt"/>
      <line num="438" count="8" type="stmt"/>
      <line num="478" count="2" type="cond" truecount="2" falsecount="0"/>
      <line num="479" count="1" type="stmt"/>
      <line num="482" count="1" type="stmt"/>
      <line num="483" count="8" type="stmt"/>
      <line num="525" count="1" type="stmt"/>
      <line num="528" count="1" type="stmt"/>
      <line num="529" count="0" type="cond" truecount="0" falsecount="2"/>
      <line num="530" count="0" type="stmt"/>
      <line num="531" count="0" type="stmt"/>
      <line num="534" count="0" type="cond" truecount="0" falsecount="2"/>
      <line num="535" count="0" type="stmt"/>
      <line num="536" count="0" type="stmt"/>
      <line num="539" count="0" type="stmt"/>
      <line num="540" count="0" type="stmt"/>
      <line num="541" count="0" type="cond" truecount="0" falsecount="2"/>
      <line num="545" count="0" type="stmt"/>
      <line num="546" count="0" type="stmt"/>
      <line num="548" count="0" type="stmt"/>
      <line num="549" count="0" type="stmt"/>
      <line num="550" count="0" type="cond" truecount="0" falsecount="2"/>
      <line num="556" count="0" type="stmt"/>
      <line num="558" count="0" type="stmt"/>
      <line num="560" count="0" type="stmt"/>
      <line num="563" count="0" type="stmt"/>
      <line num="564" count="0" type="stmt"/>
      <line num="565" count="0" type="stmt"/>
      <line num="566" count="0" type="stmt"/>
      <line num="567" count="0" type="stmt"/>
      <line num="570" count="0" type="cond" truecount="0" falsecount="2"/>
      <line num="571" count="0" type="stmt"/>
      <line num="576" count="1" type="cond" truecount="1" falsecount="1"/>
      <line num="577" count="0" type="stmt"/>
      <line num="583" count="1" type="stmt"/>
      <line num="584" count="0" type="cond" truecount="0" falsecount="2"/>
      <line num="585" count="0" type="stmt"/>
      <line num="586" count="0" type="cond" truecount="0" falsecount="2"/>
      <line num="587" count="0" type="stmt"/>
      <line num="589" count="0" type="stmt"/>
      <line num="591" count="0" type="stmt"/>
      <line num="592" count="0" type="stmt"/>
      <line num="593" count="0" type="stmt"/>
      <line num="595" count="0" type="stmt"/>
      <line num="596" count="0" type="cond" truecount="0" falsecount="2"/>
      <line num="597" count="0" type="stmt"/>
      <line num="599" count="0" type="stmt"/>
      <line num="601" count="0" type="stmt"/>
      <line num="602" count="0" type="stmt"/>
      <line num="606" count="1" type="cond" truecount="1" falsecount="1"/>
      <line num="607" count="0" type="stmt"/>
      <line num="611" count="1" type="stmt"/>
      <line num="612" count="1" type="stmt"/>
      <line num="613" count="1" type="stmt"/>
      <line num="614" count="1" type="stmt"/>
      <line num="615" count="1" type="stmt"/>
      <line num="618" count="1" type="cond" truecount="1" falsecount="1"/>
      <line num="619" count="0" type="stmt"/>
      <line num="620" count="0" type="stmt"/>
      <line num="625" count="1" type="stmt"/>
      <line num="626" count="0" type="cond" truecount="0" falsecount="2"/>
      <line num="627" count="0" type="stmt"/>
      <line num="632" count="1" type="cond" truecount="1" falsecount="1"/>
      <line num="633" count="0" type="stmt"/>
      <line num="634" count="0" type="stmt"/>
      <line num="639" count="1" type="stmt"/>
      <line num="640" count="0" type="stmt"/>
      <line num="641" count="0" type="cond" truecount="0" falsecount="5"/>
      <line num="642" count="0" type="stmt"/>
      <line num="643" count="0" type="stmt"/>
      <line num="654" count="0" type="stmt"/>
      <line num="657" count="0" type="stmt"/>
      <line num="660" count="0" type="stmt"/>
      <line num="663" count="0" type="stmt"/>
      <line num="667" count="0" type="stmt"/>
      <line num="671" count="0" type="stmt"/>
      <line num="675" count="0" type="stmt"/>
      <line num="678" count="0" type="cond" truecount="0" falsecount="2"/>
      <line num="683" count="0" type="cond" truecount="0" falsecount="2"/>
      <line num="688" count="0" type="stmt"/>
      <line num="689" count="0" type="stmt"/>
      <line num="690" count="0" type="stmt"/>
      <line num="691" count="0" type="stmt"/>
      <line num="692" count="0" type="stmt"/>
      <line num="693" count="0" type="stmt"/>
      <line num="694" count="0" type="stmt"/>
      <line num="695" count="0" type="stmt"/>
      <line num="696" count="0" type="stmt"/>
      <line num="697" count="0" type="stmt"/>
      <line num="698" count="0" type="stmt"/>
      <line num="704" count="1" type="cond" truecount="1" falsecount="1"/>
      <line num="705" count="0" type="stmt"/>
      <line num="708" count="1" type="stmt"/>
    </file>
  </project>
</coverage>
