{"C:\\Users\\ADMIN\\OneDrive\\Documents\\AMALITECH\\Lab-5\\skilled-thermostat-debugger\\main.js": {"path":"C:\\Users\\ADMIN\\OneDrive\\Documents\\AMALITECH\\Lab-5\\skilled-thermostat-debugger\\main.js","statementMap":{"0":{"start":{"line":2,"column":12},"end":{"line":184,"column":1}},"1":{"start":{"line":14,"column":6},"end":{"line":14,"column":26}},"2":{"start":{"line":17,"column":6},"end":{"line":17,"column":27}},"3":{"start":{"line":20,"column":6},"end":{"line":20,"column":25}},"4":{"start":{"line":23,"column":6},"end":{"line":23,"column":31}},"5":{"start":{"line":27,"column":6},"end":{"line":27,"column":31}},"6":{"start":{"line":31,"column":6},"end":{"line":31,"column":21}},"7":{"start":{"line":35,"column":6},"end":{"line":35,"column":21}},"8":{"start":{"line":38,"column":6},"end":{"line":40,"column":40}},"9":{"start":{"line":43,"column":6},"end":{"line":45,"column":36}},"10":{"start":{"line":59,"column":6},"end":{"line":59,"column":26}},"11":{"start":{"line":62,"column":6},"end":{"line":62,"column":27}},"12":{"start":{"line":65,"column":6},"end":{"line":65,"column":25}},"13":{"start":{"line":68,"column":6},"end":{"line":68,"column":31}},"14":{"start":{"line":72,"column":6},"end":{"line":72,"column":31}},"15":{"start":{"line":76,"column":6},"end":{"line":76,"column":21}},"16":{"start":{"line":80,"column":6},"end":{"line":80,"column":21}},"17":{"start":{"line":81,"column":6},"end":{"line":81,"column":32}},"18":{"start":{"line":84,"column":6},"end":{"line":86,"column":40}},"19":{"start":{"line":89,"column":6},"end":{"line":91,"column":36}},"20":{"start":{"line":105,"column":6},"end":{"line":105,"column":26}},"21":{"start":{"line":108,"column":6},"end":{"line":108,"column":27}},"22":{"start":{"line":111,"column":6},"end":{"line":111,"column":25}},"23":{"start":{"line":114,"column":6},"end":{"line":114,"column":31}},"24":{"start":{"line":118,"column":6},"end":{"line":118,"column":31}},"25":{"start":{"line":122,"column":6},"end":{"line":122,"column":21}},"26":{"start":{"line":126,"column":6},"end":{"line":126,"column":21}},"27":{"start":{"line":129,"column":6},"end":{"line":131,"column":40}},"28":{"start":{"line":134,"column":6},"end":{"line":136,"column":36}},"29":{"start":{"line":150,"column":6},"end":{"line":150,"column":26}},"30":{"start":{"line":153,"column":6},"end":{"line":153,"column":27}},"31":{"start":{"line":156,"column":6},"end":{"line":156,"column":25}},"32":{"start":{"line":159,"column":6},"end":{"line":159,"column":31}},"33":{"start":{"line":163,"column":6},"end":{"line":163,"column":31}},"34":{"start":{"line":167,"column":6},"end":{"line":167,"column":21}},"35":{"start":{"line":171,"column":6},"end":{"line":171,"column":21}},"36":{"start":{"line":174,"column":6},"end":{"line":176,"column":40}},"37":{"start":{"line":179,"column":6},"end":{"line":181,"column":36}},"38":{"start":{"line":186,"column":20},"end":{"line":190,"column":4}},"39":{"start":{"line":192,"column":20},"end":{"line":192,"column":99}},"40":{"start":{"line":194,"column":26},"end":{"line":200,"column":1}},"41":{"start":{"line":195,"column":2},"end":{"line":199,"column":3}},"42":{"start":{"line":196,"column":4},"end":{"line":198,"column":32}},"43":{"start":{"line":202,"column":19},"end":{"line":208,"column":1}},"44":{"start":{"line":203,"column":2},"end":{"line":207,"column":3}},"45":{"start":{"line":204,"column":4},"end":{"line":206,"column":28}},"46":{"start":{"line":211,"column":17},"end":{"line":211,"column":49}},"47":{"start":{"line":212,"column":20},"end":{"line":212,"column":22}},"48":{"start":{"line":213,"column":31},"end":{"line":224,"column":1}},"49":{"start":{"line":214,"column":25},"end":{"line":214,"column":52}},"50":{"start":{"line":215,"column":16},"end":{"line":215,"column":50}},"51":{"start":{"line":217,"column":18},"end":{"line":217,"column":41}},"52":{"start":{"line":218,"column":17},"end":{"line":218,"column":20}},"53":{"start":{"line":220,"column":21},"end":{"line":220,"column":47}},"54":{"start":{"line":221,"column":21},"end":{"line":221,"column":47}},"55":{"start":{"line":223,"column":2},"end":{"line":223,"column":35}},"56":{"start":{"line":226,"column":26},"end":{"line":232,"column":1}},"57":{"start":{"line":227,"column":19},"end":{"line":227,"column":51}},"58":{"start":{"line":228,"column":2},"end":{"line":230,"column":3}},"59":{"start":{"line":229,"column":4},"end":{"line":229,"column":94}},"60":{"start":{"line":235,"column":18},"end":{"line":235,"column":56}},"61":{"start":{"line":238,"column":19},"end":{"line":238,"column":51}},"62":{"start":{"line":240,"column":20},"end":{"line":240,"column":51}},"63":{"start":{"line":242,"column":19},"end":{"line":242,"column":32}},"64":{"start":{"line":245,"column":0},"end":{"line":247,"column":1}},"65":{"start":{"line":246,"column":2},"end":{"line":246,"column":51}},"66":{"start":{"line":250,"column":0},"end":{"line":250,"column":19}},"67":{"start":{"line":251,"column":0},"end":{"line":253,"column":1}},"68":{"start":{"line":252,"column":2},"end":{"line":252,"column":76}},"69":{"start":{"line":255,"column":0},"end":{"line":262,"column":2}},"70":{"start":{"line":256,"column":17},"end":{"line":256,"column":49}},"71":{"start":{"line":257,"column":2},"end":{"line":257,"column":26}},"72":{"start":{"line":258,"column":2},"end":{"line":258,"column":32}},"73":{"start":{"line":259,"column":2},"end":{"line":261,"column":3}},"74":{"start":{"line":260,"column":4},"end":{"line":260,"column":34}},"75":{"start":{"line":265,"column":24},"end":{"line":280,"column":1}},"76":{"start":{"line":266,"column":15},"end":{"line":266,"column":75}},"77":{"start":{"line":266,"column":40},"end":{"line":266,"column":74}},"78":{"start":{"line":268,"column":2},"end":{"line":268,"column":34}},"79":{"start":{"line":271,"column":2},"end":{"line":271,"column":47}},"80":{"start":{"line":274,"column":2},"end":{"line":274,"column":18}},"81":{"start":{"line":277,"column":2},"end":{"line":277,"column":63}},"82":{"start":{"line":279,"column":2},"end":{"line":279,"column":72}},"83":{"start":{"line":282,"column":0},"end":{"line":288,"column":1}},"84":{"start":{"line":283,"column":2},"end":{"line":287,"column":4}},"85":{"start":{"line":284,"column":4},"end":{"line":284,"column":29}},"86":{"start":{"line":286,"column":4},"end":{"line":286,"column":33}},"87":{"start":{"line":290,"column":25},"end":{"line":308,"column":1}},"88":{"start":{"line":291,"column":15},"end":{"line":291,"column":71}},"89":{"start":{"line":291,"column":40},"end":{"line":291,"column":70}},"90":{"start":{"line":292,"column":2},"end":{"line":305,"column":3}},"91":{"start":{"line":294,"column":4},"end":{"line":294,"column":37}},"92":{"start":{"line":295,"column":4},"end":{"line":295,"column":38}},"93":{"start":{"line":296,"column":4},"end":{"line":296,"column":38}},"94":{"start":{"line":297,"column":4},"end":{"line":297,"column":51}},"95":{"start":{"line":298,"column":4},"end":{"line":298,"column":76}},"96":{"start":{"line":299,"column":9},"end":{"line":305,"column":3}},"97":{"start":{"line":301,"column":4},"end":{"line":301,"column":37}},"98":{"start":{"line":302,"column":4},"end":{"line":302,"column":38}},"99":{"start":{"line":303,"column":4},"end":{"line":303,"column":51}},"100":{"start":{"line":304,"column":4},"end":{"line":304,"column":76}},"101":{"start":{"line":306,"column":2},"end":{"line":306,"column":17}},"102":{"start":{"line":307,"column":2},"end":{"line":307,"column":18}},"103":{"start":{"line":311,"column":24},"end":{"line":311,"column":67}},"104":{"start":{"line":312,"column":0},"end":{"line":314,"column":1}},"105":{"start":{"line":313,"column":2},"end":{"line":313,"column":61}},"106":{"start":{"line":316,"column":28},"end":{"line":333,"column":1}},"107":{"start":{"line":317,"column":15},"end":{"line":317,"column":71}},"108":{"start":{"line":317,"column":40},"end":{"line":317,"column":70}},"109":{"start":{"line":321,"column":2},"end":{"line":324,"column":3}},"110":{"start":{"line":323,"column":4},"end":{"line":323,"column":23}},"111":{"start":{"line":326,"column":2},"end":{"line":326,"column":34}},"112":{"start":{"line":327,"column":2},"end":{"line":332,"column":3}},"113":{"start":{"line":328,"column":4},"end":{"line":328,"column":49}},"114":{"start":{"line":329,"column":4},"end":{"line":329,"column":19}},"115":{"start":{"line":330,"column":4},"end":{"line":330,"column":20}},"116":{"start":{"line":331,"column":4},"end":{"line":331,"column":74}},"117":{"start":{"line":336,"column":0},"end":{"line":340,"column":1}},"118":{"start":{"line":337,"column":2},"end":{"line":339,"column":51}},"119":{"start":{"line":342,"column":28},"end":{"line":357,"column":1}},"120":{"start":{"line":343,"column":15},"end":{"line":343,"column":71}},"121":{"start":{"line":343,"column":40},"end":{"line":343,"column":70}},"122":{"start":{"line":346,"column":2},"end":{"line":349,"column":3}},"123":{"start":{"line":348,"column":4},"end":{"line":348,"column":23}},"124":{"start":{"line":350,"column":2},"end":{"line":350,"column":34}},"125":{"start":{"line":351,"column":2},"end":{"line":356,"column":3}},"126":{"start":{"line":352,"column":4},"end":{"line":352,"column":49}},"127":{"start":{"line":353,"column":4},"end":{"line":353,"column":19}},"128":{"start":{"line":354,"column":4},"end":{"line":354,"column":20}},"129":{"start":{"line":355,"column":4},"end":{"line":355,"column":74}},"130":{"start":{"line":360,"column":0},"end":{"line":364,"column":1}},"131":{"start":{"line":361,"column":2},"end":{"line":363,"column":51}},"132":{"start":{"line":366,"column":18},"end":{"line":366,"column":51}},"133":{"start":{"line":368,"column":27},"end":{"line":399,"column":1}},"134":{"start":{"line":369,"column":2},"end":{"line":398,"column":3}},"135":{"start":{"line":370,"column":22},"end":{"line":370,"column":58}},"136":{"start":{"line":371,"column":22},"end":{"line":371,"column":58}},"137":{"start":{"line":372,"column":22},"end":{"line":372,"column":54}},"138":{"start":{"line":374,"column":4},"end":{"line":397,"column":5}},"139":{"start":{"line":376,"column":6},"end":{"line":380,"column":7}},"140":{"start":{"line":377,"column":8},"end":{"line":377,"column":41}},"141":{"start":{"line":378,"column":8},"end":{"line":378,"column":68}},"142":{"start":{"line":379,"column":8},"end":{"line":379,"column":14}},"143":{"start":{"line":382,"column":6},"end":{"line":386,"column":7}},"144":{"start":{"line":383,"column":8},"end":{"line":383,"column":41}},"145":{"start":{"line":384,"column":8},"end":{"line":384,"column":68}},"146":{"start":{"line":385,"column":8},"end":{"line":385,"column":14}},"147":{"start":{"line":389,"column":23},"end":{"line":389,"column":71}},"148":{"start":{"line":389,"column":44},"end":{"line":389,"column":70}},"149":{"start":{"line":391,"column":6},"end":{"line":391,"column":45}},"150":{"start":{"line":392,"column":6},"end":{"line":392,"column":45}},"151":{"start":{"line":394,"column":6},"end":{"line":394,"column":26}},"152":{"start":{"line":395,"column":6},"end":{"line":395,"column":26}},"153":{"start":{"line":396,"column":6},"end":{"line":396,"column":38}},"154":{"start":{"line":401,"column":0},"end":{"line":403,"column":1}},"155":{"start":{"line":402,"column":2},"end":{"line":402,"column":57}},"156":{"start":{"line":407,"column":23},"end":{"line":411,"column":1}},"157":{"start":{"line":408,"column":2},"end":{"line":410,"column":3}},"158":{"start":{"line":409,"column":4},"end":{"line":409,"column":40}},"159":{"start":{"line":413,"column":0},"end":{"line":415,"column":1}},"160":{"start":{"line":414,"column":2},"end":{"line":414,"column":80}},"161":{"start":{"line":418,"column":0},"end":{"line":430,"column":1}},"162":{"start":{"line":419,"column":2},"end":{"line":429,"column":4}},"163":{"start":{"line":420,"column":22},"end":{"line":420,"column":58}},"164":{"start":{"line":421,"column":22},"end":{"line":421,"column":58}},"165":{"start":{"line":422,"column":22},"end":{"line":422,"column":54}},"166":{"start":{"line":424,"column":4},"end":{"line":424,"column":36}},"167":{"start":{"line":425,"column":4},"end":{"line":425,"column":37}},"168":{"start":{"line":427,"column":4},"end":{"line":427,"column":24}},"169":{"start":{"line":428,"column":4},"end":{"line":428,"column":24}},"170":{"start":{"line":433,"column":22},"end":{"line":481,"column":1}},"171":{"start":{"line":434,"column":32},"end":{"line":434,"column":72}},"172":{"start":{"line":435,"column":18},"end":{"line":435,"column":20}},"173":{"start":{"line":437,"column":2},"end":{"line":477,"column":4}},"174":{"start":{"line":438,"column":4},"end":{"line":476,"column":5}},"175":{"start":{"line":478,"column":2},"end":{"line":480,"column":3}},"176":{"start":{"line":479,"column":4},"end":{"line":479,"column":47}},"177":{"start":{"line":482,"column":20},"end":{"line":523,"column":1}},"178":{"start":{"line":483,"column":2},"end":{"line":522,"column":3}},"179":{"start":{"line":525,"column":0},"end":{"line":525,"column":15}},"180":{"start":{"line":528,"column":22},"end":{"line":573,"column":1}},"181":{"start":{"line":529,"column":2},"end":{"line":568,"column":3}},"182":{"start":{"line":530,"column":17},"end":{"line":532,"column":5}},"183":{"start":{"line":531,"column":16},"end":{"line":531,"column":63}},"184":{"start":{"line":534,"column":4},"end":{"line":537,"column":5}},"185":{"start":{"line":535,"column":6},"end":{"line":535,"column":37}},"186":{"start":{"line":536,"column":6},"end":{"line":536,"column":45}},"187":{"start":{"line":539,"column":4},"end":{"line":539,"column":23}},"188":{"start":{"line":540,"column":4},"end":{"line":540,"column":19}},"189":{"start":{"line":541,"column":9},"end":{"line":568,"column":3}},"190":{"start":{"line":545,"column":17},"end":{"line":547,"column":5}},"191":{"start":{"line":546,"column":16},"end":{"line":546,"column":63}},"192":{"start":{"line":548,"column":4},"end":{"line":548,"column":25}},"193":{"start":{"line":549,"column":4},"end":{"line":549,"column":19}},"194":{"start":{"line":550,"column":9},"end":{"line":568,"column":3}},"195":{"start":{"line":556,"column":17},"end":{"line":559,"column":5}},"196":{"start":{"line":558,"column":8},"end":{"line":558,"column":77}},"197":{"start":{"line":560,"column":27},"end":{"line":562,"column":11}},"198":{"start":{"line":563,"column":25},"end":{"line":563,"column":80}},"199":{"start":{"line":564,"column":4},"end":{"line":564,"column":35}},"200":{"start":{"line":565,"column":4},"end":{"line":565,"column":31}},"201":{"start":{"line":566,"column":4},"end":{"line":566,"column":25}},"202":{"start":{"line":567,"column":4},"end":{"line":567,"column":19}},"203":{"start":{"line":570,"column":2},"end":{"line":572,"column":3}},"204":{"start":{"line":571,"column":4},"end":{"line":571,"column":54}},"205":{"start":{"line":576,"column":0},"end":{"line":580,"column":1}},"206":{"start":{"line":577,"column":2},"end":{"line":579,"column":45}},"207":{"start":{"line":583,"column":21},"end":{"line":603,"column":1}},"208":{"start":{"line":584,"column":2},"end":{"line":594,"column":3}},"209":{"start":{"line":585,"column":4},"end":{"line":590,"column":6}},"210":{"start":{"line":586,"column":6},"end":{"line":588,"column":7}},"211":{"start":{"line":587,"column":8},"end":{"line":587,"column":27}},"212":{"start":{"line":589,"column":6},"end":{"line":589,"column":21}},"213":{"start":{"line":591,"column":4},"end":{"line":591,"column":42}},"214":{"start":{"line":592,"column":4},"end":{"line":592,"column":43}},"215":{"start":{"line":593,"column":4},"end":{"line":593,"column":10}},"216":{"start":{"line":595,"column":2},"end":{"line":600,"column":4}},"217":{"start":{"line":596,"column":4},"end":{"line":598,"column":5}},"218":{"start":{"line":597,"column":6},"end":{"line":597,"column":25}},"219":{"start":{"line":599,"column":4},"end":{"line":599,"column":19}},"220":{"start":{"line":601,"column":2},"end":{"line":601,"column":40}},"221":{"start":{"line":602,"column":2},"end":{"line":602,"column":42}},"222":{"start":{"line":606,"column":0},"end":{"line":608,"column":1}},"223":{"start":{"line":607,"column":2},"end":{"line":607,"column":51}},"224":{"start":{"line":611,"column":22},"end":{"line":611,"column":57}},"225":{"start":{"line":612,"column":14},"end":{"line":612,"column":55}},"226":{"start":{"line":613,"column":20},"end":{"line":613,"column":58}},"227":{"start":{"line":614,"column":19},"end":{"line":614,"column":58}},"228":{"start":{"line":615,"column":22},"end":{"line":615,"column":58}},"229":{"start":{"line":618,"column":0},"end":{"line":622,"column":1}},"230":{"start":{"line":619,"column":2},"end":{"line":621,"column":4}},"231":{"start":{"line":620,"column":4},"end":{"line":620,"column":33}},"232":{"start":{"line":625,"column":0},"end":{"line":629,"column":2}},"233":{"start":{"line":626,"column":2},"end":{"line":628,"column":3}},"234":{"start":{"line":627,"column":4},"end":{"line":627,"column":32}},"235":{"start":{"line":632,"column":0},"end":{"line":636,"column":1}},"236":{"start":{"line":633,"column":2},"end":{"line":635,"column":4}},"237":{"start":{"line":634,"column":4},"end":{"line":634,"column":32}},"238":{"start":{"line":639,"column":23},"end":{"line":701,"column":1}},"239":{"start":{"line":640,"column":2},"end":{"line":640,"column":24}},"240":{"start":{"line":641,"column":2},"end":{"line":700,"column":3}},"241":{"start":{"line":642,"column":21},"end":{"line":642,"column":40}},"242":{"start":{"line":643,"column":17},"end":{"line":687,"column":5}},"243":{"start":{"line":654,"column":8},"end":{"line":654,"column":28}},"244":{"start":{"line":657,"column":8},"end":{"line":657,"column":29}},"245":{"start":{"line":660,"column":8},"end":{"line":660,"column":27}},"246":{"start":{"line":663,"column":8},"end":{"line":663,"column":33}},"247":{"start":{"line":667,"column":8},"end":{"line":667,"column":33}},"248":{"start":{"line":671,"column":8},"end":{"line":671,"column":23}},"249":{"start":{"line":675,"column":8},"end":{"line":675,"column":23}},"250":{"start":{"line":678,"column":8},"end":{"line":680,"column":42}},"251":{"start":{"line":683,"column":8},"end":{"line":685,"column":38}},"252":{"start":{"line":688,"column":25},"end":{"line":688,"column":41}},"253":{"start":{"line":689,"column":4},"end":{"line":689,"column":24}},"254":{"start":{"line":690,"column":4},"end":{"line":690,"column":19}},"255":{"start":{"line":691,"column":4},"end":{"line":691,"column":32}},"256":{"start":{"line":692,"column":4},"end":{"line":692,"column":28}},"257":{"start":{"line":693,"column":4},"end":{"line":693,"column":29}},"258":{"start":{"line":694,"column":4},"end":{"line":699,"column":6}},"259":{"start":{"line":695,"column":21},"end":{"line":695,"column":53}},"260":{"start":{"line":696,"column":6},"end":{"line":696,"column":30}},"261":{"start":{"line":697,"column":6},"end":{"line":697,"column":36}},"262":{"start":{"line":698,"column":6},"end":{"line":698,"column":36}},"263":{"start":{"line":704,"column":0},"end":{"line":706,"column":1}},"264":{"start":{"line":705,"column":2},"end":{"line":705,"column":54}},"265":{"start":{"line":708,"column":0},"end":{"line":712,"column":1}}},"fnMap":{"0":{"name":"(anonymous_0)","decl":{"start":{"line":13,"column":4},"end":{"line":13,"column":5}},"loc":{"start":{"line":13,"column":22},"end":{"line":15,"column":5}},"line":13},"1":{"name":"(anonymous_1)","decl":{"start":{"line":16,"column":4},"end":{"line":16,"column":5}},"loc":{"start":{"line":16,"column":23},"end":{"line":18,"column":5}},"line":16},"2":{"name":"(anonymous_2)","decl":{"start":{"line":19,"column":4},"end":{"line":19,"column":5}},"loc":{"start":{"line":19,"column":21},"end":{"line":21,"column":5}},"line":19},"3":{"name":"(anonymous_3)","decl":{"start":{"line":22,"column":4},"end":{"line":22,"column":5}},"loc":{"start":{"line":22,"column":27},"end":{"line":24,"column":5}},"line":22},"4":{"name":"(anonymous_4)","decl":{"start":{"line":26,"column":4},"end":{"line":26,"column":5}},"loc":{"start":{"line":26,"column":27},"end":{"line":28,"column":5}},"line":26},"5":{"name":"(anonymous_5)","decl":{"start":{"line":30,"column":4},"end":{"line":30,"column":5}},"loc":{"start":{"line":30,"column":19},"end":{"line":32,"column":5}},"line":30},"6":{"name":"(anonymous_6)","decl":{"start":{"line":34,"column":4},"end":{"line":34,"column":5}},"loc":{"start":{"line":34,"column":19},"end":{"line":36,"column":5}},"line":34},"7":{"name":"(anonymous_7)","decl":{"start":{"line":37,"column":4},"end":{"line":37,"column":5}},"loc":{"start":{"line":37,"column":19},"end":{"line":41,"column":5}},"line":37},"8":{"name":"(anonymous_8)","decl":{"start":{"line":42,"column":4},"end":{"line":42,"column":5}},"loc":{"start":{"line":42,"column":21},"end":{"line":46,"column":5}},"line":42},"9":{"name":"(anonymous_9)","decl":{"start":{"line":58,"column":4},"end":{"line":58,"column":5}},"loc":{"start":{"line":58,"column":22},"end":{"line":60,"column":5}},"line":58},"10":{"name":"(anonymous_10)","decl":{"start":{"line":61,"column":4},"end":{"line":61,"column":5}},"loc":{"start":{"line":61,"column":23},"end":{"line":63,"column":5}},"line":61},"11":{"name":"(anonymous_11)","decl":{"start":{"line":64,"column":4},"end":{"line":64,"column":5}},"loc":{"start":{"line":64,"column":21},"end":{"line":66,"column":5}},"line":64},"12":{"name":"(anonymous_12)","decl":{"start":{"line":67,"column":4},"end":{"line":67,"column":5}},"loc":{"start":{"line":67,"column":27},"end":{"line":69,"column":5}},"line":67},"13":{"name":"(anonymous_13)","decl":{"start":{"line":71,"column":4},"end":{"line":71,"column":5}},"loc":{"start":{"line":71,"column":27},"end":{"line":73,"column":5}},"line":71},"14":{"name":"(anonymous_14)","decl":{"start":{"line":75,"column":4},"end":{"line":75,"column":5}},"loc":{"start":{"line":75,"column":19},"end":{"line":77,"column":5}},"line":75},"15":{"name":"(anonymous_15)","decl":{"start":{"line":79,"column":4},"end":{"line":79,"column":5}},"loc":{"start":{"line":79,"column":19},"end":{"line":82,"column":5}},"line":79},"16":{"name":"(anonymous_16)","decl":{"start":{"line":83,"column":4},"end":{"line":83,"column":5}},"loc":{"start":{"line":83,"column":19},"end":{"line":87,"column":5}},"line":83},"17":{"name":"(anonymous_17)","decl":{"start":{"line":88,"column":4},"end":{"line":88,"column":5}},"loc":{"start":{"line":88,"column":21},"end":{"line":92,"column":5}},"line":88},"18":{"name":"(anonymous_18)","decl":{"start":{"line":104,"column":4},"end":{"line":104,"column":5}},"loc":{"start":{"line":104,"column":22},"end":{"line":106,"column":5}},"line":104},"19":{"name":"(anonymous_19)","decl":{"start":{"line":107,"column":4},"end":{"line":107,"column":5}},"loc":{"start":{"line":107,"column":23},"end":{"line":109,"column":5}},"line":107},"20":{"name":"(anonymous_20)","decl":{"start":{"line":110,"column":4},"end":{"line":110,"column":5}},"loc":{"start":{"line":110,"column":21},"end":{"line":112,"column":5}},"line":110},"21":{"name":"(anonymous_21)","decl":{"start":{"line":113,"column":4},"end":{"line":113,"column":5}},"loc":{"start":{"line":113,"column":27},"end":{"line":115,"column":5}},"line":113},"22":{"name":"(anonymous_22)","decl":{"start":{"line":117,"column":4},"end":{"line":117,"column":5}},"loc":{"start":{"line":117,"column":27},"end":{"line":119,"column":5}},"line":117},"23":{"name":"(anonymous_23)","decl":{"start":{"line":121,"column":4},"end":{"line":121,"column":5}},"loc":{"start":{"line":121,"column":19},"end":{"line":123,"column":5}},"line":121},"24":{"name":"(anonymous_24)","decl":{"start":{"line":125,"column":4},"end":{"line":125,"column":5}},"loc":{"start":{"line":125,"column":19},"end":{"line":127,"column":5}},"line":125},"25":{"name":"(anonymous_25)","decl":{"start":{"line":128,"column":4},"end":{"line":128,"column":5}},"loc":{"start":{"line":128,"column":19},"end":{"line":132,"column":5}},"line":128},"26":{"name":"(anonymous_26)","decl":{"start":{"line":133,"column":4},"end":{"line":133,"column":5}},"loc":{"start":{"line":133,"column":21},"end":{"line":137,"column":5}},"line":133},"27":{"name":"(anonymous_27)","decl":{"start":{"line":149,"column":4},"end":{"line":149,"column":5}},"loc":{"start":{"line":149,"column":22},"end":{"line":151,"column":5}},"line":149},"28":{"name":"(anonymous_28)","decl":{"start":{"line":152,"column":4},"end":{"line":152,"column":5}},"loc":{"start":{"line":152,"column":23},"end":{"line":154,"column":5}},"line":152},"29":{"name":"(anonymous_29)","decl":{"start":{"line":155,"column":4},"end":{"line":155,"column":5}},"loc":{"start":{"line":155,"column":21},"end":{"line":157,"column":5}},"line":155},"30":{"name":"(anonymous_30)","decl":{"start":{"line":158,"column":4},"end":{"line":158,"column":5}},"loc":{"start":{"line":158,"column":27},"end":{"line":160,"column":5}},"line":158},"31":{"name":"(anonymous_31)","decl":{"start":{"line":162,"column":4},"end":{"line":162,"column":5}},"loc":{"start":{"line":162,"column":27},"end":{"line":164,"column":5}},"line":162},"32":{"name":"(anonymous_32)","decl":{"start":{"line":166,"column":4},"end":{"line":166,"column":5}},"loc":{"start":{"line":166,"column":19},"end":{"line":168,"column":5}},"line":166},"33":{"name":"(anonymous_33)","decl":{"start":{"line":170,"column":4},"end":{"line":170,"column":5}},"loc":{"start":{"line":170,"column":19},"end":{"line":172,"column":5}},"line":170},"34":{"name":"(anonymous_34)","decl":{"start":{"line":173,"column":4},"end":{"line":173,"column":5}},"loc":{"start":{"line":173,"column":19},"end":{"line":177,"column":5}},"line":173},"35":{"name":"(anonymous_35)","decl":{"start":{"line":178,"column":4},"end":{"line":178,"column":5}},"loc":{"start":{"line":178,"column":21},"end":{"line":182,"column":5}},"line":178},"36":{"name":"(anonymous_36)","decl":{"start":{"line":194,"column":26},"end":{"line":194,"column":27}},"loc":{"start":{"line":194,"column":32},"end":{"line":200,"column":1}},"line":194},"37":{"name":"(anonymous_37)","decl":{"start":{"line":202,"column":19},"end":{"line":202,"column":20}},"loc":{"start":{"line":202,"column":29},"end":{"line":208,"column":1}},"line":202},"38":{"name":"(anonymous_38)","decl":{"start":{"line":213,"column":31},"end":{"line":213,"column":32}},"loc":{"start":{"line":213,"column":45},"end":{"line":224,"column":1}},"line":213},"39":{"name":"(anonymous_39)","decl":{"start":{"line":226,"column":26},"end":{"line":226,"column":27}},"loc":{"start":{"line":226,"column":40},"end":{"line":232,"column":1}},"line":226},"40":{"name":"(anonymous_40)","decl":{"start":{"line":255,"column":14},"end":{"line":255,"column":15}},"loc":{"start":{"line":255,"column":24},"end":{"line":262,"column":1}},"line":255},"41":{"name":"(anonymous_41)","decl":{"start":{"line":265,"column":24},"end":{"line":265,"column":25}},"loc":{"start":{"line":265,"column":46},"end":{"line":280,"column":1}},"line":265},"42":{"name":"(anonymous_42)","decl":{"start":{"line":266,"column":26},"end":{"line":266,"column":27}},"loc":{"start":{"line":266,"column":40},"end":{"line":266,"column":74}},"line":266},"43":{"name":"(anonymous_43)","decl":{"start":{"line":283,"column":40},"end":{"line":283,"column":41}},"loc":{"start":{"line":283,"column":52},"end":{"line":287,"column":3}},"line":283},"44":{"name":"(anonymous_44)","decl":{"start":{"line":290,"column":25},"end":{"line":290,"column":26}},"loc":{"start":{"line":290,"column":36},"end":{"line":308,"column":1}},"line":290},"45":{"name":"(anonymous_45)","decl":{"start":{"line":291,"column":26},"end":{"line":291,"column":27}},"loc":{"start":{"line":291,"column":40},"end":{"line":291,"column":70}},"line":291},"46":{"name":"(anonymous_46)","decl":{"start":{"line":316,"column":28},"end":{"line":316,"column":29}},"loc":{"start":{"line":316,"column":34},"end":{"line":333,"column":1}},"line":316},"47":{"name":"(anonymous_47)","decl":{"start":{"line":317,"column":26},"end":{"line":317,"column":27}},"loc":{"start":{"line":317,"column":40},"end":{"line":317,"column":70}},"line":317},"48":{"name":"(anonymous_48)","decl":{"start":{"line":342,"column":28},"end":{"line":342,"column":29}},"loc":{"start":{"line":342,"column":34},"end":{"line":357,"column":1}},"line":342},"49":{"name":"(anonymous_49)","decl":{"start":{"line":343,"column":26},"end":{"line":343,"column":27}},"loc":{"start":{"line":343,"column":40},"end":{"line":343,"column":70}},"line":343},"50":{"name":"(anonymous_50)","decl":{"start":{"line":368,"column":27},"end":{"line":368,"column":28}},"loc":{"start":{"line":368,"column":38},"end":{"line":399,"column":1}},"line":368},"51":{"name":"(anonymous_51)","decl":{"start":{"line":389,"column":34},"end":{"line":389,"column":35}},"loc":{"start":{"line":389,"column":44},"end":{"line":389,"column":70}},"line":389},"52":{"name":"(anonymous_52)","decl":{"start":{"line":407,"column":23},"end":{"line":407,"column":24}},"loc":{"start":{"line":407,"column":29},"end":{"line":411,"column":1}},"line":407},"53":{"name":"(anonymous_53)","decl":{"start":{"line":419,"column":61},"end":{"line":419,"column":62}},"loc":{"start":{"line":419,"column":67},"end":{"line":429,"column":3}},"line":419},"54":{"name":"(anonymous_54)","decl":{"start":{"line":433,"column":22},"end":{"line":433,"column":23}},"loc":{"start":{"line":433,"column":28},"end":{"line":481,"column":1}},"line":433},"55":{"name":"(anonymous_55)","decl":{"start":{"line":437,"column":16},"end":{"line":437,"column":17}},"loc":{"start":{"line":437,"column":26},"end":{"line":477,"column":3}},"line":437},"56":{"name":"(anonymous_56)","decl":{"start":{"line":482,"column":20},"end":{"line":482,"column":21}},"loc":{"start":{"line":482,"column":30},"end":{"line":523,"column":1}},"line":482},"57":{"name":"(anonymous_57)","decl":{"start":{"line":528,"column":22},"end":{"line":528,"column":23}},"loc":{"start":{"line":528,"column":29},"end":{"line":573,"column":1}},"line":528},"58":{"name":"(anonymous_58)","decl":{"start":{"line":531,"column":6},"end":{"line":531,"column":7}},"loc":{"start":{"line":531,"column":16},"end":{"line":531,"column":63}},"line":531},"59":{"name":"(anonymous_59)","decl":{"start":{"line":546,"column":6},"end":{"line":546,"column":7}},"loc":{"start":{"line":546,"column":16},"end":{"line":546,"column":63}},"line":546},"60":{"name":"(anonymous_60)","decl":{"start":{"line":557,"column":6},"end":{"line":557,"column":7}},"loc":{"start":{"line":558,"column":8},"end":{"line":558,"column":77}},"line":558},"61":{"name":"(anonymous_61)","decl":{"start":{"line":583,"column":21},"end":{"line":583,"column":22}},"loc":{"start":{"line":583,"column":27},"end":{"line":603,"column":1}},"line":583},"62":{"name":"(anonymous_62)","decl":{"start":{"line":585,"column":18},"end":{"line":585,"column":19}},"loc":{"start":{"line":585,"column":28},"end":{"line":590,"column":5}},"line":585},"63":{"name":"(anonymous_63)","decl":{"start":{"line":595,"column":16},"end":{"line":595,"column":17}},"loc":{"start":{"line":595,"column":26},"end":{"line":600,"column":3}},"line":595},"64":{"name":"(anonymous_64)","decl":{"start":{"line":619,"column":42},"end":{"line":619,"column":43}},"loc":{"start":{"line":619,"column":48},"end":{"line":621,"column":3}},"line":619},"65":{"name":"(anonymous_65)","decl":{"start":{"line":625,"column":33},"end":{"line":625,"column":34}},"loc":{"start":{"line":625,"column":44},"end":{"line":629,"column":1}},"line":625},"66":{"name":"(anonymous_66)","decl":{"start":{"line":633,"column":40},"end":{"line":633,"column":41}},"loc":{"start":{"line":633,"column":46},"end":{"line":635,"column":3}},"line":633},"67":{"name":"(anonymous_67)","decl":{"start":{"line":639,"column":23},"end":{"line":639,"column":24}},"loc":{"start":{"line":639,"column":34},"end":{"line":701,"column":1}},"line":639},"68":{"name":"(anonymous_68)","decl":{"start":{"line":653,"column":6},"end":{"line":653,"column":7}},"loc":{"start":{"line":653,"column":24},"end":{"line":655,"column":7}},"line":653},"69":{"name":"(anonymous_69)","decl":{"start":{"line":656,"column":6},"end":{"line":656,"column":7}},"loc":{"start":{"line":656,"column":25},"end":{"line":658,"column":7}},"line":656},"70":{"name":"(anonymous_70)","decl":{"start":{"line":659,"column":6},"end":{"line":659,"column":7}},"loc":{"start":{"line":659,"column":23},"end":{"line":661,"column":7}},"line":659},"71":{"name":"(anonymous_71)","decl":{"start":{"line":662,"column":6},"end":{"line":662,"column":7}},"loc":{"start":{"line":662,"column":29},"end":{"line":664,"column":7}},"line":662},"72":{"name":"(anonymous_72)","decl":{"start":{"line":666,"column":6},"end":{"line":666,"column":7}},"loc":{"start":{"line":666,"column":29},"end":{"line":668,"column":7}},"line":666},"73":{"name":"(anonymous_73)","decl":{"start":{"line":670,"column":6},"end":{"line":670,"column":7}},"loc":{"start":{"line":670,"column":21},"end":{"line":672,"column":7}},"line":670},"74":{"name":"(anonymous_74)","decl":{"start":{"line":674,"column":6},"end":{"line":674,"column":7}},"loc":{"start":{"line":674,"column":21},"end":{"line":676,"column":7}},"line":674},"75":{"name":"(anonymous_75)","decl":{"start":{"line":677,"column":6},"end":{"line":677,"column":7}},"loc":{"start":{"line":677,"column":21},"end":{"line":681,"column":7}},"line":677},"76":{"name":"(anonymous_76)","decl":{"start":{"line":682,"column":6},"end":{"line":682,"column":7}},"loc":{"start":{"line":682,"column":23},"end":{"line":686,"column":7}},"line":682},"77":{"name":"(anonymous_77)","decl":{"start":{"line":694,"column":18},"end":{"line":694,"column":19}},"loc":{"start":{"line":694,"column":28},"end":{"line":699,"column":5}},"line":694}},"branchMap":{"0":{"loc":{"start":{"line":38,"column":6},"end":{"line":40,"column":40}},"type":"cond-expr","locations":[{"start":{"line":39,"column":11},"end":{"line":39,"column":40}},{"start":{"line":40,"column":11},"end":{"line":40,"column":39}}],"line":38},"1":{"loc":{"start":{"line":43,"column":6},"end":{"line":45,"column":36}},"type":"cond-expr","locations":[{"start":{"line":44,"column":11},"end":{"line":44,"column":36}},{"start":{"line":45,"column":11},"end":{"line":45,"column":35}}],"line":43},"2":{"loc":{"start":{"line":84,"column":6},"end":{"line":86,"column":40}},"type":"cond-expr","locations":[{"start":{"line":85,"column":11},"end":{"line":85,"column":40}},{"start":{"line":86,"column":11},"end":{"line":86,"column":39}}],"line":84},"3":{"loc":{"start":{"line":89,"column":6},"end":{"line":91,"column":36}},"type":"cond-expr","locations":[{"start":{"line":90,"column":11},"end":{"line":90,"column":36}},{"start":{"line":91,"column":11},"end":{"line":91,"column":35}}],"line":89},"4":{"loc":{"start":{"line":129,"column":6},"end":{"line":131,"column":40}},"type":"cond-expr","locations":[{"start":{"line":130,"column":11},"end":{"line":130,"column":40}},{"start":{"line":131,"column":11},"end":{"line":131,"column":39}}],"line":129},"5":{"loc":{"start":{"line":134,"column":6},"end":{"line":136,"column":36}},"type":"cond-expr","locations":[{"start":{"line":135,"column":11},"end":{"line":135,"column":36}},{"start":{"line":136,"column":11},"end":{"line":136,"column":35}}],"line":134},"6":{"loc":{"start":{"line":174,"column":6},"end":{"line":176,"column":40}},"type":"cond-expr","locations":[{"start":{"line":175,"column":11},"end":{"line":175,"column":40}},{"start":{"line":176,"column":11},"end":{"line":176,"column":39}}],"line":174},"7":{"loc":{"start":{"line":179,"column":6},"end":{"line":181,"column":36}},"type":"cond-expr","locations":[{"start":{"line":180,"column":11},"end":{"line":180,"column":36}},{"start":{"line":181,"column":11},"end":{"line":181,"column":35}}],"line":179},"8":{"loc":{"start":{"line":195,"column":2},"end":{"line":199,"column":3}},"type":"if","locations":[{"start":{"line":195,"column":2},"end":{"line":199,"column":3}},{"start":{},"end":{}}],"line":195},"9":{"loc":{"start":{"line":197,"column":6},"end":{"line":197,"column":56}},"type":"cond-expr","locations":[{"start":{"line":197,"column":31},"end":{"line":197,"column":42}},{"start":{"line":197,"column":45},"end":{"line":197,"column":56}}],"line":197},"10":{"loc":{"start":{"line":203,"column":2},"end":{"line":207,"column":3}},"type":"if","locations":[{"start":{"line":203,"column":2},"end":{"line":207,"column":3}},{"start":{},"end":{}}],"line":203},"11":{"loc":{"start":{"line":205,"column":6},"end":{"line":205,"column":52}},"type":"cond-expr","locations":[{"start":{"line":205,"column":27},"end":{"line":205,"column":38}},{"start":{"line":205,"column":41},"end":{"line":205,"column":52}}],"line":205},"12":{"loc":{"start":{"line":228,"column":2},"end":{"line":230,"column":3}},"type":"if","locations":[{"start":{"line":228,"column":2},"end":{"line":230,"column":3}},{"start":{},"end":{}}],"line":228},"13":{"loc":{"start":{"line":245,"column":0},"end":{"line":247,"column":1}},"type":"if","locations":[{"start":{"line":245,"column":0},"end":{"line":247,"column":1}},{"start":{},"end":{}}],"line":245},"14":{"loc":{"start":{"line":251,"column":0},"end":{"line":253,"column":1}},"type":"if","locations":[{"start":{"line":251,"column":0},"end":{"line":253,"column":1}},{"start":{},"end":{}}],"line":251},"15":{"loc":{"start":{"line":259,"column":2},"end":{"line":261,"column":3}},"type":"if","locations":[{"start":{"line":259,"column":2},"end":{"line":261,"column":3}},{"start":{},"end":{}}],"line":259},"16":{"loc":{"start":{"line":282,"column":0},"end":{"line":288,"column":1}},"type":"if","locations":[{"start":{"line":282,"column":0},"end":{"line":288,"column":1}},{"start":{},"end":{}}],"line":282},"17":{"loc":{"start":{"line":292,"column":2},"end":{"line":305,"column":3}},"type":"if","locations":[{"start":{"line":292,"column":2},"end":{"line":305,"column":3}},{"start":{"line":299,"column":9},"end":{"line":305,"column":3}}],"line":292},"18":{"loc":{"start":{"line":299,"column":9},"end":{"line":305,"column":3}},"type":"if","locations":[{"start":{"line":299,"column":9},"end":{"line":305,"column":3}},{"start":{},"end":{}}],"line":299},"19":{"loc":{"start":{"line":312,"column":0},"end":{"line":314,"column":1}},"type":"if","locations":[{"start":{"line":312,"column":0},"end":{"line":314,"column":1}},{"start":{},"end":{}}],"line":312},"20":{"loc":{"start":{"line":321,"column":2},"end":{"line":324,"column":3}},"type":"if","locations":[{"start":{"line":321,"column":2},"end":{"line":324,"column":3}},{"start":{},"end":{}}],"line":321},"21":{"loc":{"start":{"line":327,"column":2},"end":{"line":332,"column":3}},"type":"if","locations":[{"start":{"line":327,"column":2},"end":{"line":332,"column":3}},{"start":{},"end":{}}],"line":327},"22":{"loc":{"start":{"line":336,"column":0},"end":{"line":340,"column":1}},"type":"if","locations":[{"start":{"line":336,"column":0},"end":{"line":340,"column":1}},{"start":{},"end":{}}],"line":336},"23":{"loc":{"start":{"line":346,"column":2},"end":{"line":349,"column":3}},"type":"if","locations":[{"start":{"line":346,"column":2},"end":{"line":349,"column":3}},{"start":{},"end":{}}],"line":346},"24":{"loc":{"start":{"line":351,"column":2},"end":{"line":356,"column":3}},"type":"if","locations":[{"start":{"line":351,"column":2},"end":{"line":356,"column":3}},{"start":{},"end":{}}],"line":351},"25":{"loc":{"start":{"line":360,"column":0},"end":{"line":364,"column":1}},"type":"if","locations":[{"start":{"line":360,"column":0},"end":{"line":364,"column":1}},{"start":{},"end":{}}],"line":360},"26":{"loc":{"start":{"line":369,"column":2},"end":{"line":398,"column":3}},"type":"if","locations":[{"start":{"line":369,"column":2},"end":{"line":398,"column":3}},{"start":{},"end":{}}],"line":369},"27":{"loc":{"start":{"line":374,"column":4},"end":{"line":397,"column":5}},"type":"if","locations":[{"start":{"line":374,"column":4},"end":{"line":397,"column":5}},{"start":{},"end":{}}],"line":374},"28":{"loc":{"start":{"line":374,"column":8},"end":{"line":374,"column":42}},"type":"binary-expr","locations":[{"start":{"line":374,"column":8},"end":{"line":374,"column":23}},{"start":{"line":374,"column":27},"end":{"line":374,"column":42}}],"line":374},"29":{"loc":{"start":{"line":376,"column":6},"end":{"line":380,"column":7}},"type":"if","locations":[{"start":{"line":376,"column":6},"end":{"line":380,"column":7}},{"start":{},"end":{}}],"line":376},"30":{"loc":{"start":{"line":376,"column":10},"end":{"line":376,"column":54}},"type":"binary-expr","locations":[{"start":{"line":376,"column":10},"end":{"line":376,"column":30}},{"start":{"line":376,"column":34},"end":{"line":376,"column":54}}],"line":376},"31":{"loc":{"start":{"line":382,"column":6},"end":{"line":386,"column":7}},"type":"if","locations":[{"start":{"line":382,"column":6},"end":{"line":386,"column":7}},{"start":{},"end":{}}],"line":382},"32":{"loc":{"start":{"line":382,"column":10},"end":{"line":382,"column":54}},"type":"binary-expr","locations":[{"start":{"line":382,"column":10},"end":{"line":382,"column":30}},{"start":{"line":382,"column":34},"end":{"line":382,"column":54}}],"line":382},"33":{"loc":{"start":{"line":401,"column":0},"end":{"line":403,"column":1}},"type":"if","locations":[{"start":{"line":401,"column":0},"end":{"line":403,"column":1}},{"start":{},"end":{}}],"line":401},"34":{"loc":{"start":{"line":408,"column":2},"end":{"line":410,"column":3}},"type":"if","locations":[{"start":{"line":408,"column":2},"end":{"line":410,"column":3}},{"start":{},"end":{}}],"line":408},"35":{"loc":{"start":{"line":413,"column":0},"end":{"line":415,"column":1}},"type":"if","locations":[{"start":{"line":413,"column":0},"end":{"line":415,"column":1}},{"start":{},"end":{}}],"line":413},"36":{"loc":{"start":{"line":418,"column":0},"end":{"line":430,"column":1}},"type":"if","locations":[{"start":{"line":418,"column":0},"end":{"line":430,"column":1}},{"start":{},"end":{}}],"line":418},"37":{"loc":{"start":{"line":447,"column":16},"end":{"line":447,"column":54}},"type":"cond-expr","locations":[{"start":{"line":447,"column":40},"end":{"line":447,"column":49}},{"start":{"line":447,"column":52},"end":{"line":447,"column":54}}],"line":447},"38":{"loc":{"start":{"line":455,"column":4},"end":{"line":455,"column":57}},"type":"cond-expr","locations":[{"start":{"line":455,"column":24},"end":{"line":455,"column":39}},{"start":{"line":455,"column":42},"end":{"line":455,"column":57}}],"line":455},"39":{"loc":{"start":{"line":471,"column":12},"end":{"line":471,"column":47}},"type":"cond-expr","locations":[{"start":{"line":471,"column":36},"end":{"line":471,"column":38}},{"start":{"line":471,"column":41},"end":{"line":471,"column":47}}],"line":471},"40":{"loc":{"start":{"line":472,"column":15},"end":{"line":472,"column":77}},"type":"cond-expr","locations":[{"start":{"line":472,"column":36},"end":{"line":472,"column":55}},{"start":{"line":472,"column":58},"end":{"line":472,"column":77}}],"line":472},"41":{"loc":{"start":{"line":478,"column":2},"end":{"line":480,"column":3}},"type":"if","locations":[{"start":{"line":478,"column":2},"end":{"line":480,"column":3}},{"start":{},"end":{}}],"line":478},"42":{"loc":{"start":{"line":529,"column":2},"end":{"line":568,"column":3}},"type":"if","locations":[{"start":{"line":529,"column":2},"end":{"line":568,"column":3}},{"start":{"line":541,"column":9},"end":{"line":568,"column":3}}],"line":529},"43":{"loc":{"start":{"line":534,"column":4},"end":{"line":537,"column":5}},"type":"if","locations":[{"start":{"line":534,"column":4},"end":{"line":537,"column":5}},{"start":{},"end":{}}],"line":534},"44":{"loc":{"start":{"line":541,"column":9},"end":{"line":568,"column":3}},"type":"if","locations":[{"start":{"line":541,"column":9},"end":{"line":568,"column":3}},{"start":{"line":550,"column":9},"end":{"line":568,"column":3}}],"line":541},"45":{"loc":{"start":{"line":542,"column":4},"end":{"line":543,"column":69}},"type":"binary-expr","locations":[{"start":{"line":542,"column":4},"end":{"line":542,"column":47}},{"start":{"line":543,"column":4},"end":{"line":543,"column":69}}],"line":542},"46":{"loc":{"start":{"line":550,"column":9},"end":{"line":568,"column":3}},"type":"if","locations":[{"start":{"line":550,"column":9},"end":{"line":568,"column":3}},{"start":{},"end":{}}],"line":550},"47":{"loc":{"start":{"line":551,"column":4},"end":{"line":554,"column":5}},"type":"binary-expr","locations":[{"start":{"line":551,"column":4},"end":{"line":551,"column":37}},{"start":{"line":552,"column":4},"end":{"line":554,"column":5}}],"line":551},"48":{"loc":{"start":{"line":570,"column":2},"end":{"line":572,"column":3}},"type":"if","locations":[{"start":{"line":570,"column":2},"end":{"line":572,"column":3}},{"start":{},"end":{}}],"line":570},"49":{"loc":{"start":{"line":576,"column":0},"end":{"line":580,"column":1}},"type":"if","locations":[{"start":{"line":576,"column":0},"end":{"line":580,"column":1}},{"start":{},"end":{}}],"line":576},"50":{"loc":{"start":{"line":584,"column":2},"end":{"line":594,"column":3}},"type":"if","locations":[{"start":{"line":584,"column":2},"end":{"line":594,"column":3}},{"start":{},"end":{}}],"line":584},"51":{"loc":{"start":{"line":586,"column":6},"end":{"line":588,"column":7}},"type":"if","locations":[{"start":{"line":586,"column":6},"end":{"line":588,"column":7}},{"start":{},"end":{}}],"line":586},"52":{"loc":{"start":{"line":596,"column":4},"end":{"line":598,"column":5}},"type":"if","locations":[{"start":{"line":596,"column":4},"end":{"line":598,"column":5}},{"start":{},"end":{}}],"line":596},"53":{"loc":{"start":{"line":606,"column":0},"end":{"line":608,"column":1}},"type":"if","locations":[{"start":{"line":606,"column":0},"end":{"line":608,"column":1}},{"start":{},"end":{}}],"line":606},"54":{"loc":{"start":{"line":618,"column":0},"end":{"line":622,"column":1}},"type":"if","locations":[{"start":{"line":618,"column":0},"end":{"line":622,"column":1}},{"start":{},"end":{}}],"line":618},"55":{"loc":{"start":{"line":626,"column":2},"end":{"line":628,"column":3}},"type":"if","locations":[{"start":{"line":626,"column":2},"end":{"line":628,"column":3}},{"start":{},"end":{}}],"line":626},"56":{"loc":{"start":{"line":632,"column":0},"end":{"line":636,"column":1}},"type":"if","locations":[{"start":{"line":632,"column":0},"end":{"line":636,"column":1}},{"start":{},"end":{}}],"line":632},"57":{"loc":{"start":{"line":641,"column":2},"end":{"line":700,"column":3}},"type":"if","locations":[{"start":{"line":641,"column":2},"end":{"line":700,"column":3}},{"start":{},"end":{}}],"line":641},"58":{"loc":{"start":{"line":641,"column":6},"end":{"line":641,"column":42}},"type":"binary-expr","locations":[{"start":{"line":641,"column":6},"end":{"line":641,"column":19}},{"start":{"line":641,"column":23},"end":{"line":641,"column":28}},{"start":{"line":641,"column":32},"end":{"line":641,"column":42}}],"line":641},"59":{"loc":{"start":{"line":678,"column":8},"end":{"line":680,"column":42}},"type":"cond-expr","locations":[{"start":{"line":679,"column":13},"end":{"line":679,"column":42}},{"start":{"line":680,"column":13},"end":{"line":680,"column":41}}],"line":678},"60":{"loc":{"start":{"line":683,"column":8},"end":{"line":685,"column":38}},"type":"cond-expr","locations":[{"start":{"line":684,"column":13},"end":{"line":684,"column":38}},{"start":{"line":685,"column":13},"end":{"line":685,"column":37}}],"line":683},"61":{"loc":{"start":{"line":704,"column":0},"end":{"line":706,"column":1}},"type":"if","locations":[{"start":{"line":704,"column":0},"end":{"line":706,"column":1}},{"start":{},"end":{}}],"line":704}},"s":{"0":1,"1":0,"2":0,"3":0,"4":0,"5":0,"6":2,"7":0,"8":0,"9":0,"10":0,"11":0,"12":0,"13":0,"14":0,"15":0,"16":0,"17":0,"18":0,"19":0,"20":0,"21":0,"22":0,"23":0,"24":0,"25":0,"26":0,"27":0,"28":0,"29":0,"30":0,"31":0,"32":0,"33":0,"34":0,"35":0,"36":0,"37":0,"38":1,"39":1,"40":1,"41":1,"42":0,"43":1,"44":0,"45":0,"46":1,"47":1,"48":1,"49":5,"50":5,"51":5,"52":5,"53":5,"54":5,"55":5,"56":1,"57":5,"58":5,"59":0,"60":1,"61":1,"62":1,"63":1,"64":1,"65":0,"66":1,"67":1,"68":0,"69":1,"70":4,"71":4,"72":4,"73":4,"74":0,"75":1,"76":0,"77":0,"78":0,"79":0,"80":0,"81":0,"82":0,"83":1,"84":0,"85":0,"86":0,"87":1,"88":0,"89":0,"90":0,"91":0,"92":0,"93":0,"94":0,"95":0,"96":0,"97":0,"98":0,"99":0,"100":0,"101":0,"102":0,"103":1,"104":1,"105":0,"106":1,"107":3,"108":3,"109":3,"110":0,"111":3,"112":3,"113":0,"114":0,"115":0,"116":0,"117":1,"118":0,"119":1,"120":2,"121":2,"122":2,"123":2,"124":2,"125":2,"126":0,"127":0,"128":0,"129":0,"130":1,"131":0,"132":1,"133":1,"134":0,"135":0,"136":0,"137":0,"138":0,"139":0,"140":0,"141":0,"142":0,"143":0,"144":0,"145":0,"146":0,"147":0,"148":0,"149":0,"150":0,"151":0,"152":0,"153":0,"154":1,"155":0,"156":1,"157":0,"158":0,"159":1,"160":0,"161":1,"162":0,"163":0,"164":0,"165":0,"166":0,"167":0,"168":0,"169":0,"170":1,"171":2,"172":2,"173":2,"174":8,"175":2,"176":1,"177":1,"178":8,"179":1,"180":1,"181":0,"182":0,"183":0,"184":0,"185":0,"186":0,"187":0,"188":0,"189":0,"190":0,"191":0,"192":0,"193":0,"194":0,"195":0,"196":0,"197":0,"198":0,"199":0,"200":0,"201":0,"202":0,"203":0,"204":0,"205":1,"206":0,"207":1,"208":0,"209":0,"210":0,"211":0,"212":0,"213":0,"214":0,"215":0,"216":0,"217":0,"218":0,"219":0,"220":0,"221":0,"222":1,"223":0,"224":1,"225":1,"226":1,"227":1,"228":1,"229":1,"230":0,"231":0,"232":1,"233":0,"234":0,"235":1,"236":0,"237":0,"238":1,"239":0,"240":0,"241":0,"242":0,"243":0,"244":0,"245":0,"246":0,"247":0,"248":0,"249":0,"250":0,"251":0,"252":0,"253":0,"254":0,"255":0,"256":0,"257":0,"258":0,"259":0,"260":0,"261":0,"262":0,"263":1,"264":0,"265":1},"f":{"0":0,"1":0,"2":0,"3":0,"4":0,"5":2,"6":0,"7":0,"8":0,"9":0,"10":0,"11":0,"12":0,"13":0,"14":0,"15":0,"16":0,"17":0,"18":0,"19":0,"20":0,"21":0,"22":0,"23":0,"24":0,"25":0,"26":0,"27":0,"28":0,"29":0,"30":0,"31":0,"32":0,"33":0,"34":0,"35":0,"36":1,"37":0,"38":5,"39":5,"40":4,"41":0,"42":0,"43":0,"44":0,"45":0,"46":3,"47":3,"48":2,"49":2,"50":0,"51":0,"52":0,"53":0,"54":2,"55":8,"56":8,"57":0,"58":0,"59":0,"60":0,"61":0,"62":0,"63":0,"64":0,"65":0,"66":0,"67":0,"68":0,"69":0,"70":0,"71":0,"72":0,"73":0,"74":0,"75":0,"76":0,"77":0},"b":{"0":[0,0],"1":[0,0],"2":[0,0],"3":[0,0],"4":[0,0],"5":[0,0],"6":[0,0],"7":[0,0],"8":[0,1],"9":[0,0],"10":[0,0],"11":[0,0],"12":[0,5],"13":[0,1],"14":[0,1],"15":[0,4],"16":[0,1],"17":[0,0],"18":[0,0],"19":[0,1],"20":[0,3],"21":[0,3],"22":[0,1],"23":[2,0],"24":[0,2],"25":[0,1],"26":[0,0],"27":[0,0],"28":[0,0],"29":[0,0],"30":[0,0],"31":[0,0],"32":[0,0],"33":[0,1],"34":[0,0],"35":[0,1],"36":[0,1],"37":[0,8],"38":[0,8],"39":[0,8],"40":[8,0],"41":[1,1],"42":[0,0],"43":[0,0],"44":[0,0],"45":[0,0],"46":[0,0],"47":[0,0],"48":[0,0],"49":[0,1],"50":[0,0],"51":[0,0],"52":[0,0],"53":[0,1],"54":[0,1],"55":[0,0],"56":[0,1],"57":[0,0],"58":[0,0,0],"59":[0,0],"60":[0,0],"61":[0,1]},"_coverageSchema":"1a1c01bbd47fc00a2c39e90264f33305004495a9","hash":"af0381b48938a2e3d84aa609007d8eb7e1c7eb80"}
}
