TN:
SF:main.js
FN:13,(anonymous_0)
FN:16,(anonymous_1)
FN:19,(anonymous_2)
FN:22,(anonymous_3)
FN:26,(anonymous_4)
FN:30,(anonymous_5)
FN:34,(anonymous_6)
FN:37,(anonymous_7)
FN:42,(anonymous_8)
FN:58,(anonymous_9)
FN:61,(anonymous_10)
FN:64,(anonymous_11)
FN:67,(anonymous_12)
FN:71,(anonymous_13)
FN:75,(anonymous_14)
FN:79,(anonymous_15)
FN:83,(anonymous_16)
FN:88,(anonymous_17)
FN:104,(anonymous_18)
FN:107,(anonymous_19)
FN:110,(anonymous_20)
FN:113,(anonymous_21)
FN:117,(anonymous_22)
FN:121,(anonymous_23)
FN:125,(anonymous_24)
FN:128,(anonymous_25)
FN:133,(anonymous_26)
FN:149,(anonymous_27)
FN:152,(anonymous_28)
FN:155,(anonymous_29)
FN:158,(anonymous_30)
FN:162,(anonymous_31)
FN:166,(anonymous_32)
FN:170,(anonymous_33)
FN:173,(anonymous_34)
FN:178,(anonymous_35)
FN:194,(anonymous_36)
FN:202,(anonymous_37)
FN:213,(anonymous_38)
FN:226,(anonymous_39)
FN:255,(anonymous_40)
FN:265,(anonymous_41)
FN:266,(anonymous_42)
FN:283,(anonymous_43)
FN:290,(anonymous_44)
FN:291,(anonymous_45)
FN:316,(anonymous_46)
FN:319,(anonymous_47)
FN:345,(anonymous_48)
FN:347,(anonymous_49)
FN:372,(anonymous_50)
FN:393,(anonymous_51)
FN:411,(anonymous_52)
FN:423,(anonymous_53)
FN:437,(anonymous_54)
FN:441,(anonymous_55)
FN:486,(anonymous_56)
FN:532,(anonymous_57)
FN:535,(anonymous_58)
FN:550,(anonymous_59)
FN:561,(anonymous_60)
FN:587,(anonymous_61)
FN:589,(anonymous_62)
FN:599,(anonymous_63)
FN:623,(anonymous_64)
FN:629,(anonymous_65)
FN:637,(anonymous_66)
FN:643,(anonymous_67)
FN:657,(anonymous_68)
FN:660,(anonymous_69)
FN:663,(anonymous_70)
FN:666,(anonymous_71)
FN:670,(anonymous_72)
FN:674,(anonymous_73)
FN:678,(anonymous_74)
FN:681,(anonymous_75)
FN:686,(anonymous_76)
FN:698,(anonymous_77)
FNF:78
FNH:13
FNDA:0,(anonymous_0)
FNDA:0,(anonymous_1)
FNDA:0,(anonymous_2)
FNDA:0,(anonymous_3)
FNDA:0,(anonymous_4)
FNDA:2,(anonymous_5)
FNDA:0,(anonymous_6)
FNDA:0,(anonymous_7)
FNDA:0,(anonymous_8)
FNDA:0,(anonymous_9)
FNDA:0,(anonymous_10)
FNDA:0,(anonymous_11)
FNDA:0,(anonymous_12)
FNDA:0,(anonymous_13)
FNDA:0,(anonymous_14)
FNDA:0,(anonymous_15)
FNDA:0,(anonymous_16)
FNDA:0,(anonymous_17)
FNDA:0,(anonymous_18)
FNDA:0,(anonymous_19)
FNDA:0,(anonymous_20)
FNDA:0,(anonymous_21)
FNDA:0,(anonymous_22)
FNDA:0,(anonymous_23)
FNDA:0,(anonymous_24)
FNDA:0,(anonymous_25)
FNDA:0,(anonymous_26)
FNDA:0,(anonymous_27)
FNDA:0,(anonymous_28)
FNDA:0,(anonymous_29)
FNDA:0,(anonymous_30)
FNDA:0,(anonymous_31)
FNDA:0,(anonymous_32)
FNDA:0,(anonymous_33)
FNDA:0,(anonymous_34)
FNDA:0,(anonymous_35)
FNDA:1,(anonymous_36)
FNDA:5,(anonymous_37)
FNDA:5,(anonymous_38)
FNDA:5,(anonymous_39)
FNDA:4,(anonymous_40)
FNDA:0,(anonymous_41)
FNDA:0,(anonymous_42)
FNDA:0,(anonymous_43)
FNDA:0,(anonymous_44)
FNDA:0,(anonymous_45)
FNDA:3,(anonymous_46)
FNDA:3,(anonymous_47)
FNDA:2,(anonymous_48)
FNDA:2,(anonymous_49)
FNDA:0,(anonymous_50)
FNDA:0,(anonymous_51)
FNDA:0,(anonymous_52)
FNDA:0,(anonymous_53)
FNDA:7,(anonymous_54)
FNDA:28,(anonymous_55)
FNDA:28,(anonymous_56)
FNDA:0,(anonymous_57)
FNDA:0,(anonymous_58)
FNDA:0,(anonymous_59)
FNDA:0,(anonymous_60)
FNDA:0,(anonymous_61)
FNDA:0,(anonymous_62)
FNDA:0,(anonymous_63)
FNDA:0,(anonymous_64)
FNDA:0,(anonymous_65)
FNDA:0,(anonymous_66)
FNDA:0,(anonymous_67)
FNDA:0,(anonymous_68)
FNDA:0,(anonymous_69)
FNDA:0,(anonymous_70)
FNDA:0,(anonymous_71)
FNDA:0,(anonymous_72)
FNDA:0,(anonymous_73)
FNDA:0,(anonymous_74)
FNDA:0,(anonymous_75)
FNDA:0,(anonymous_76)
FNDA:0,(anonymous_77)
DA:2,1
DA:14,0
DA:17,0
DA:20,0
DA:23,0
DA:27,0
DA:31,2
DA:35,0
DA:38,0
DA:43,0
DA:59,0
DA:62,0
DA:65,0
DA:68,0
DA:72,0
DA:76,0
DA:80,0
DA:81,0
DA:84,0
DA:89,0
DA:105,0
DA:108,0
DA:111,0
DA:114,0
DA:118,0
DA:122,0
DA:126,0
DA:129,0
DA:134,0
DA:150,0
DA:153,0
DA:156,0
DA:159,0
DA:163,0
DA:167,0
DA:171,0
DA:174,0
DA:179,0
DA:186,1
DA:192,1
DA:194,1
DA:195,1
DA:196,0
DA:202,1
DA:203,5
DA:204,0
DA:211,1
DA:212,1
DA:213,1
DA:214,5
DA:215,5
DA:217,5
DA:218,5
DA:220,5
DA:221,5
DA:223,5
DA:226,1
DA:227,5
DA:228,5
DA:229,0
DA:235,1
DA:238,1
DA:240,1
DA:242,1
DA:245,1
DA:246,0
DA:250,1
DA:251,1
DA:252,0
DA:255,1
DA:256,4
DA:257,4
DA:258,4
DA:259,4
DA:260,0
DA:265,1
DA:266,0
DA:268,0
DA:271,0
DA:274,0
DA:277,0
DA:279,0
DA:282,1
DA:283,0
DA:284,0
DA:286,0
DA:290,1
DA:291,0
DA:292,0
DA:294,0
DA:295,0
DA:296,0
DA:297,0
DA:298,0
DA:299,0
DA:301,0
DA:302,0
DA:303,0
DA:304,0
DA:306,0
DA:307,0
DA:311,1
DA:312,1
DA:313,0
DA:316,1
DA:317,3
DA:318,3
DA:319,3
DA:323,3
DA:325,0
DA:328,3
DA:329,3
DA:330,3
DA:331,3
DA:332,3
DA:333,3
DA:334,3
DA:339,1
DA:340,0
DA:345,1
DA:346,2
DA:347,2
DA:350,2
DA:352,2
DA:354,2
DA:355,2
DA:356,2
DA:357,2
DA:358,2
DA:359,2
DA:364,1
DA:365,0
DA:370,1
DA:372,1
DA:373,0
DA:374,0
DA:375,0
DA:376,0
DA:378,0
DA:380,0
DA:381,0
DA:382,0
DA:383,0
DA:386,0
DA:387,0
DA:388,0
DA:389,0
DA:393,0
DA:395,0
DA:396,0
DA:398,0
DA:399,0
DA:400,0
DA:405,1
DA:406,0
DA:411,1
DA:412,0
DA:413,0
DA:417,1
DA:418,0
DA:422,1
DA:423,0
DA:424,0
DA:425,0
DA:426,0
DA:428,0
DA:429,0
DA:431,0
DA:432,0
DA:437,1
DA:438,7
DA:439,7
DA:441,7
DA:442,28
DA:482,7
DA:483,1
DA:486,1
DA:487,28
DA:529,1
DA:532,1
DA:533,0
DA:534,0
DA:535,0
DA:538,0
DA:539,0
DA:540,0
DA:543,0
DA:544,0
DA:545,0
DA:549,0
DA:550,0
DA:552,0
DA:553,0
DA:554,0
DA:560,0
DA:562,0
DA:564,0
DA:567,0
DA:568,0
DA:569,0
DA:570,0
DA:571,0
DA:574,0
DA:575,0
DA:580,1
DA:581,0
DA:587,1
DA:588,0
DA:589,0
DA:590,0
DA:591,0
DA:593,0
DA:595,0
DA:596,0
DA:597,0
DA:599,0
DA:600,0
DA:601,0
DA:603,0
DA:605,0
DA:606,0
DA:610,1
DA:611,0
DA:615,1
DA:616,1
DA:617,1
DA:618,1
DA:619,1
DA:622,1
DA:623,0
DA:624,0
DA:629,1
DA:630,0
DA:631,0
DA:636,1
DA:637,0
DA:638,0
DA:643,1
DA:644,0
DA:645,0
DA:646,0
DA:647,0
DA:658,0
DA:661,0
DA:664,0
DA:667,0
DA:671,0
DA:675,0
DA:679,0
DA:682,0
DA:687,0
DA:692,0
DA:693,0
DA:694,0
DA:695,0
DA:696,0
DA:697,0
DA:698,0
DA:699,0
DA:700,0
DA:701,0
DA:702,0
DA:708,1
DA:709,0
DA:712,1
LF:265
LH:94
BRDA:38,0,0,0
BRDA:38,0,1,0
BRDA:43,1,0,0
BRDA:43,1,1,0
BRDA:84,2,0,0
BRDA:84,2,1,0
BRDA:89,3,0,0
BRDA:89,3,1,0
BRDA:129,4,0,0
BRDA:129,4,1,0
BRDA:134,5,0,0
BRDA:134,5,1,0
BRDA:174,6,0,0
BRDA:174,6,1,0
BRDA:179,7,0,0
BRDA:179,7,1,0
BRDA:195,8,0,0
BRDA:195,8,1,1
BRDA:197,9,0,0
BRDA:197,9,1,0
BRDA:203,10,0,0
BRDA:203,10,1,5
BRDA:205,11,0,0
BRDA:205,11,1,0
BRDA:228,12,0,0
BRDA:228,12,1,5
BRDA:245,13,0,0
BRDA:245,13,1,1
BRDA:251,14,0,0
BRDA:251,14,1,1
BRDA:259,15,0,0
BRDA:259,15,1,4
BRDA:282,16,0,0
BRDA:282,16,1,1
BRDA:292,17,0,0
BRDA:292,17,1,0
BRDA:299,18,0,0
BRDA:299,18,1,0
BRDA:312,19,0,0
BRDA:312,19,1,1
BRDA:323,20,0,0
BRDA:323,20,1,3
BRDA:329,21,0,3
BRDA:329,21,1,0
BRDA:339,22,0,0
BRDA:339,22,1,1
BRDA:350,23,0,2
BRDA:350,23,1,0
BRDA:355,24,0,2
BRDA:355,24,1,0
BRDA:364,25,0,0
BRDA:364,25,1,1
BRDA:373,26,0,0
BRDA:373,26,1,0
BRDA:378,27,0,0
BRDA:378,27,1,0
BRDA:378,28,0,0
BRDA:378,28,1,0
BRDA:380,29,0,0
BRDA:380,29,1,0
BRDA:380,30,0,0
BRDA:380,30,1,0
BRDA:386,31,0,0
BRDA:386,31,1,0
BRDA:386,32,0,0
BRDA:386,32,1,0
BRDA:405,33,0,0
BRDA:405,33,1,1
BRDA:412,34,0,0
BRDA:412,34,1,0
BRDA:417,35,0,0
BRDA:417,35,1,1
BRDA:422,36,0,0
BRDA:422,36,1,1
BRDA:451,37,0,0
BRDA:451,37,1,28
BRDA:459,38,0,0
BRDA:459,38,1,28
BRDA:475,39,0,0
BRDA:475,39,1,28
BRDA:476,40,0,28
BRDA:476,40,1,0
BRDA:482,41,0,1
BRDA:482,41,1,6
BRDA:533,42,0,0
BRDA:533,42,1,0
BRDA:538,43,0,0
BRDA:538,43,1,0
BRDA:545,44,0,0
BRDA:545,44,1,0
BRDA:546,45,0,0
BRDA:546,45,1,0
BRDA:554,46,0,0
BRDA:554,46,1,0
BRDA:555,47,0,0
BRDA:555,47,1,0
BRDA:574,48,0,0
BRDA:574,48,1,0
BRDA:580,49,0,0
BRDA:580,49,1,1
BRDA:588,50,0,0
BRDA:588,50,1,0
BRDA:590,51,0,0
BRDA:590,51,1,0
BRDA:600,52,0,0
BRDA:600,52,1,0
BRDA:610,53,0,0
BRDA:610,53,1,1
BRDA:622,54,0,0
BRDA:622,54,1,1
BRDA:630,55,0,0
BRDA:630,55,1,0
BRDA:636,56,0,0
BRDA:636,56,1,1
BRDA:645,57,0,0
BRDA:645,57,1,0
BRDA:645,58,0,0
BRDA:645,58,1,0
BRDA:645,58,2,0
BRDA:682,59,0,0
BRDA:682,59,1,0
BRDA:687,60,0,0
BRDA:687,60,1,0
BRDA:708,61,0,0
BRDA:708,61,1,1
BRF:125
BRH:28
end_of_record
