TN:
SF:main.js
FN:13,(anonymous_0)
FN:16,(anonymous_1)
FN:19,(anonymous_2)
FN:22,(anonymous_3)
FN:26,(anonymous_4)
FN:30,(anonymous_5)
FN:34,(anonymous_6)
FN:37,(anonymous_7)
FN:42,(anonymous_8)
FN:58,(anonymous_9)
FN:61,(anonymous_10)
FN:64,(anonymous_11)
FN:67,(anonymous_12)
FN:71,(anonymous_13)
FN:75,(anonymous_14)
FN:79,(anonymous_15)
FN:83,(anonymous_16)
FN:88,(anonymous_17)
FN:104,(anonymous_18)
FN:107,(anonymous_19)
FN:110,(anonymous_20)
FN:113,(anonymous_21)
FN:117,(anonymous_22)
FN:121,(anonymous_23)
FN:125,(anonymous_24)
FN:128,(anonymous_25)
FN:133,(anonymous_26)
FN:149,(anonymous_27)
FN:152,(anonymous_28)
FN:155,(anonymous_29)
FN:158,(anonymous_30)
FN:162,(anonymous_31)
FN:166,(anonymous_32)
FN:170,(anonymous_33)
FN:173,(anonymous_34)
FN:178,(anonymous_35)
FN:194,(anonymous_36)
FN:202,(anonymous_37)
FN:213,(anonymous_38)
FN:226,(anonymous_39)
FN:255,(anonymous_40)
FN:265,(anonymous_41)
FN:266,(anonymous_42)
FN:283,(anonymous_43)
FN:290,(anonymous_44)
FN:291,(anonymous_45)
FN:316,(anonymous_46)
FN:317,(anonymous_47)
FN:342,(anonymous_48)
FN:343,(anonymous_49)
FN:368,(anonymous_50)
FN:389,(anonymous_51)
FN:407,(anonymous_52)
FN:419,(anonymous_53)
FN:433,(anonymous_54)
FN:437,(anonymous_55)
FN:482,(anonymous_56)
FN:528,(anonymous_57)
FN:531,(anonymous_58)
FN:546,(anonymous_59)
FN:557,(anonymous_60)
FN:583,(anonymous_61)
FN:585,(anonymous_62)
FN:595,(anonymous_63)
FN:619,(anonymous_64)
FN:625,(anonymous_65)
FN:633,(anonymous_66)
FN:639,(anonymous_67)
FN:653,(anonymous_68)
FN:656,(anonymous_69)
FN:659,(anonymous_70)
FN:662,(anonymous_71)
FN:666,(anonymous_72)
FN:670,(anonymous_73)
FN:674,(anonymous_74)
FN:677,(anonymous_75)
FN:682,(anonymous_76)
FN:694,(anonymous_77)
FNF:78
FNH:12
FNDA:0,(anonymous_0)
FNDA:0,(anonymous_1)
FNDA:0,(anonymous_2)
FNDA:0,(anonymous_3)
FNDA:0,(anonymous_4)
FNDA:2,(anonymous_5)
FNDA:0,(anonymous_6)
FNDA:0,(anonymous_7)
FNDA:0,(anonymous_8)
FNDA:0,(anonymous_9)
FNDA:0,(anonymous_10)
FNDA:0,(anonymous_11)
FNDA:0,(anonymous_12)
FNDA:0,(anonymous_13)
FNDA:0,(anonymous_14)
FNDA:0,(anonymous_15)
FNDA:0,(anonymous_16)
FNDA:0,(anonymous_17)
FNDA:0,(anonymous_18)
FNDA:0,(anonymous_19)
FNDA:0,(anonymous_20)
FNDA:0,(anonymous_21)
FNDA:0,(anonymous_22)
FNDA:0,(anonymous_23)
FNDA:0,(anonymous_24)
FNDA:0,(anonymous_25)
FNDA:0,(anonymous_26)
FNDA:0,(anonymous_27)
FNDA:0,(anonymous_28)
FNDA:0,(anonymous_29)
FNDA:0,(anonymous_30)
FNDA:0,(anonymous_31)
FNDA:0,(anonymous_32)
FNDA:0,(anonymous_33)
FNDA:0,(anonymous_34)
FNDA:0,(anonymous_35)
FNDA:1,(anonymous_36)
FNDA:0,(anonymous_37)
FNDA:5,(anonymous_38)
FNDA:5,(anonymous_39)
FNDA:4,(anonymous_40)
FNDA:0,(anonymous_41)
FNDA:0,(anonymous_42)
FNDA:0,(anonymous_43)
FNDA:0,(anonymous_44)
FNDA:0,(anonymous_45)
FNDA:3,(anonymous_46)
FNDA:3,(anonymous_47)
FNDA:2,(anonymous_48)
FNDA:2,(anonymous_49)
FNDA:0,(anonymous_50)
FNDA:0,(anonymous_51)
FNDA:0,(anonymous_52)
FNDA:0,(anonymous_53)
FNDA:2,(anonymous_54)
FNDA:8,(anonymous_55)
FNDA:8,(anonymous_56)
FNDA:0,(anonymous_57)
FNDA:0,(anonymous_58)
FNDA:0,(anonymous_59)
FNDA:0,(anonymous_60)
FNDA:0,(anonymous_61)
FNDA:0,(anonymous_62)
FNDA:0,(anonymous_63)
FNDA:0,(anonymous_64)
FNDA:0,(anonymous_65)
FNDA:0,(anonymous_66)
FNDA:0,(anonymous_67)
FNDA:0,(anonymous_68)
FNDA:0,(anonymous_69)
FNDA:0,(anonymous_70)
FNDA:0,(anonymous_71)
FNDA:0,(anonymous_72)
FNDA:0,(anonymous_73)
FNDA:0,(anonymous_74)
FNDA:0,(anonymous_75)
FNDA:0,(anonymous_76)
FNDA:0,(anonymous_77)
DA:2,1
DA:14,0
DA:17,0
DA:20,0
DA:23,0
DA:27,0
DA:31,2
DA:35,0
DA:38,0
DA:43,0
DA:59,0
DA:62,0
DA:65,0
DA:68,0
DA:72,0
DA:76,0
DA:80,0
DA:81,0
DA:84,0
DA:89,0
DA:105,0
DA:108,0
DA:111,0
DA:114,0
DA:118,0
DA:122,0
DA:126,0
DA:129,0
DA:134,0
DA:150,0
DA:153,0
DA:156,0
DA:159,0
DA:163,0
DA:167,0
DA:171,0
DA:174,0
DA:179,0
DA:186,1
DA:192,1
DA:194,1
DA:195,1
DA:196,0
DA:202,1
DA:203,0
DA:204,0
DA:211,1
DA:212,1
DA:213,1
DA:214,5
DA:215,5
DA:217,5
DA:218,5
DA:220,5
DA:221,5
DA:223,5
DA:226,1
DA:227,5
DA:228,5
DA:229,0
DA:235,1
DA:238,1
DA:240,1
DA:242,1
DA:245,1
DA:246,0
DA:250,1
DA:251,1
DA:252,0
DA:255,1
DA:256,4
DA:257,4
DA:258,4
DA:259,4
DA:260,0
DA:265,1
DA:266,0
DA:268,0
DA:271,0
DA:274,0
DA:277,0
DA:279,0
DA:282,1
DA:283,0
DA:284,0
DA:286,0
DA:290,1
DA:291,0
DA:292,0
DA:294,0
DA:295,0
DA:296,0
DA:297,0
DA:298,0
DA:299,0
DA:301,0
DA:302,0
DA:303,0
DA:304,0
DA:306,0
DA:307,0
DA:311,1
DA:312,1
DA:313,0
DA:316,1
DA:317,3
DA:321,3
DA:323,0
DA:326,3
DA:327,3
DA:328,0
DA:329,0
DA:330,0
DA:331,0
DA:336,1
DA:337,0
DA:342,1
DA:343,2
DA:346,2
DA:348,2
DA:350,2
DA:351,2
DA:352,0
DA:353,0
DA:354,0
DA:355,0
DA:360,1
DA:361,0
DA:366,1
DA:368,1
DA:369,0
DA:370,0
DA:371,0
DA:372,0
DA:374,0
DA:376,0
DA:377,0
DA:378,0
DA:379,0
DA:382,0
DA:383,0
DA:384,0
DA:385,0
DA:389,0
DA:391,0
DA:392,0
DA:394,0
DA:395,0
DA:396,0
DA:401,1
DA:402,0
DA:407,1
DA:408,0
DA:409,0
DA:413,1
DA:414,0
DA:418,1
DA:419,0
DA:420,0
DA:421,0
DA:422,0
DA:424,0
DA:425,0
DA:427,0
DA:428,0
DA:433,1
DA:434,2
DA:435,2
DA:437,2
DA:438,8
DA:478,2
DA:479,1
DA:482,1
DA:483,8
DA:525,1
DA:528,1
DA:529,0
DA:530,0
DA:531,0
DA:534,0
DA:535,0
DA:536,0
DA:539,0
DA:540,0
DA:541,0
DA:545,0
DA:546,0
DA:548,0
DA:549,0
DA:550,0
DA:556,0
DA:558,0
DA:560,0
DA:563,0
DA:564,0
DA:565,0
DA:566,0
DA:567,0
DA:570,0
DA:571,0
DA:576,1
DA:577,0
DA:583,1
DA:584,0
DA:585,0
DA:586,0
DA:587,0
DA:589,0
DA:591,0
DA:592,0
DA:593,0
DA:595,0
DA:596,0
DA:597,0
DA:599,0
DA:601,0
DA:602,0
DA:606,1
DA:607,0
DA:611,1
DA:612,1
DA:613,1
DA:614,1
DA:615,1
DA:618,1
DA:619,0
DA:620,0
DA:625,1
DA:626,0
DA:627,0
DA:632,1
DA:633,0
DA:634,0
DA:639,1
DA:640,0
DA:641,0
DA:642,0
DA:643,0
DA:654,0
DA:657,0
DA:660,0
DA:663,0
DA:667,0
DA:671,0
DA:675,0
DA:678,0
DA:683,0
DA:688,0
DA:689,0
DA:690,0
DA:691,0
DA:692,0
DA:693,0
DA:694,0
DA:695,0
DA:696,0
DA:697,0
DA:698,0
DA:704,1
DA:705,0
DA:708,1
LF:261
LH:81
BRDA:38,0,0,0
BRDA:38,0,1,0
BRDA:43,1,0,0
BRDA:43,1,1,0
BRDA:84,2,0,0
BRDA:84,2,1,0
BRDA:89,3,0,0
BRDA:89,3,1,0
BRDA:129,4,0,0
BRDA:129,4,1,0
BRDA:134,5,0,0
BRDA:134,5,1,0
BRDA:174,6,0,0
BRDA:174,6,1,0
BRDA:179,7,0,0
BRDA:179,7,1,0
BRDA:195,8,0,0
BRDA:195,8,1,1
BRDA:197,9,0,0
BRDA:197,9,1,0
BRDA:203,10,0,0
BRDA:203,10,1,0
BRDA:205,11,0,0
BRDA:205,11,1,0
BRDA:228,12,0,0
BRDA:228,12,1,5
BRDA:245,13,0,0
BRDA:245,13,1,1
BRDA:251,14,0,0
BRDA:251,14,1,1
BRDA:259,15,0,0
BRDA:259,15,1,4
BRDA:282,16,0,0
BRDA:282,16,1,1
BRDA:292,17,0,0
BRDA:292,17,1,0
BRDA:299,18,0,0
BRDA:299,18,1,0
BRDA:312,19,0,0
BRDA:312,19,1,1
BRDA:321,20,0,0
BRDA:321,20,1,3
BRDA:327,21,0,0
BRDA:327,21,1,3
BRDA:336,22,0,0
BRDA:336,22,1,1
BRDA:346,23,0,2
BRDA:346,23,1,0
BRDA:351,24,0,0
BRDA:351,24,1,2
BRDA:360,25,0,0
BRDA:360,25,1,1
BRDA:369,26,0,0
BRDA:369,26,1,0
BRDA:374,27,0,0
BRDA:374,27,1,0
BRDA:374,28,0,0
BRDA:374,28,1,0
BRDA:376,29,0,0
BRDA:376,29,1,0
BRDA:376,30,0,0
BRDA:376,30,1,0
BRDA:382,31,0,0
BRDA:382,31,1,0
BRDA:382,32,0,0
BRDA:382,32,1,0
BRDA:401,33,0,0
BRDA:401,33,1,1
BRDA:408,34,0,0
BRDA:408,34,1,0
BRDA:413,35,0,0
BRDA:413,35,1,1
BRDA:418,36,0,0
BRDA:418,36,1,1
BRDA:447,37,0,0
BRDA:447,37,1,8
BRDA:455,38,0,0
BRDA:455,38,1,8
BRDA:471,39,0,0
BRDA:471,39,1,8
BRDA:472,40,0,8
BRDA:472,40,1,0
BRDA:478,41,0,1
BRDA:478,41,1,1
BRDA:529,42,0,0
BRDA:529,42,1,0
BRDA:534,43,0,0
BRDA:534,43,1,0
BRDA:541,44,0,0
BRDA:541,44,1,0
BRDA:542,45,0,0
BRDA:542,45,1,0
BRDA:550,46,0,0
BRDA:550,46,1,0
BRDA:551,47,0,0
BRDA:551,47,1,0
BRDA:570,48,0,0
BRDA:570,48,1,0
BRDA:576,49,0,0
BRDA:576,49,1,1
BRDA:584,50,0,0
BRDA:584,50,1,0
BRDA:586,51,0,0
BRDA:586,51,1,0
BRDA:596,52,0,0
BRDA:596,52,1,0
BRDA:606,53,0,0
BRDA:606,53,1,1
BRDA:618,54,0,0
BRDA:618,54,1,1
BRDA:626,55,0,0
BRDA:626,55,1,0
BRDA:632,56,0,0
BRDA:632,56,1,1
BRDA:641,57,0,0
BRDA:641,57,1,0
BRDA:641,58,0,0
BRDA:641,58,1,0
BRDA:641,58,2,0
BRDA:678,59,0,0
BRDA:678,59,1,0
BRDA:683,60,0,0
BRDA:683,60,1,0
BRDA:704,61,0,0
BRDA:704,61,1,1
BRF:125
BRH:27
end_of_record
